<?xml version="1.0" encoding="UTF-8"?>
<robot generator="Robot 7.0 (Python 3.11.9 on darwin)" generated="2024-05-26T14:24:34.098715" rpa="false" schemaversion="5">
<suite id="s1" name="Tests" source="/Users/adam/Desktop/studia/soundsAppTests/tests.robot">
<test id="s1-t1" name="Clear app" line="35">
<kw name="Setup" type="SETUP">
<kw name="Open Application" owner="AppiumLibrary">
<arg>http://localhost:4723/wd/hub</arg>
<arg>automationName=Appium</arg>
<arg>platformName=Android</arg>
<arg>noReset=${True}</arg>
<arg>app=/Users/adam/Desktop/studia/soundsAppTests/app.apk</arg>
<doc>Opens a new application to given Appium server.
Capabilities of appium server, Android and iOS,
Please check https://github.com/appium/appium/blob/master/docs/en/writing-running-appium/server-args.md
| *Option*            | *Man.* | *Description*     |
| remote_url          | Yes    | Appium server url |
| alias               | no     | alias             |
| strict_ssl          | No     | allows you to send commands to an invalid certificate host like a self-signed one. |</doc>
<status status="PASS" start="2024-05-26T14:24:34.188923" elapsed="9.714747"/>
</kw>
<status status="PASS" start="2024-05-26T14:24:34.188653" elapsed="9.715261"/>
</kw>
<kw name="Close Application" owner="AppiumLibrary">
<doc>Closes the current application and also close webdriver session.</doc>
<status status="PASS" start="2024-05-26T14:24:43.904250" elapsed="0.344841"/>
</kw>
<kw name="Open Application" owner="AppiumLibrary">
<arg>http://localhost:4723/wd/hub</arg>
<arg>automationName=Appium</arg>
<arg>platformName=Android</arg>
<arg>noReset=${False}</arg>
<arg>fullReset=${True}</arg>
<arg>app=/Users/adam/Desktop/studia/soundsAppTests/app.apk</arg>
<doc>Opens a new application to given Appium server.
Capabilities of appium server, Android and iOS,
Please check https://github.com/appium/appium/blob/master/docs/en/writing-running-appium/server-args.md
| *Option*            | *Man.* | *Description*     |
| remote_url          | Yes    | Appium server url |
| alias               | no     | alias             |
| strict_ssl          | No     | allows you to send commands to an invalid certificate host like a self-signed one. |</doc>
<status status="PASS" start="2024-05-26T14:24:44.249385" elapsed="14.110952"/>
</kw>
<kw name="Close Application" owner="AppiumLibrary" type="TEARDOWN">
<doc>Closes the current application and also close webdriver session.</doc>
<status status="PASS" start="2024-05-26T14:24:58.361942" elapsed="1.712598"/>
</kw>
<status status="PASS" start="2024-05-26T14:24:34.188434" elapsed="25.886301"/>
</test>
<test id="s1-t2" name="Dodawanie nowego utworu" line="44">
<kw name="Setup" type="SETUP">
<kw name="Open Application" owner="AppiumLibrary">
<arg>http://localhost:4723/wd/hub</arg>
<arg>automationName=Appium</arg>
<arg>platformName=Android</arg>
<arg>noReset=${True}</arg>
<arg>app=/Users/adam/Desktop/studia/soundsAppTests/app.apk</arg>
<doc>Opens a new application to given Appium server.
Capabilities of appium server, Android and iOS,
Please check https://github.com/appium/appium/blob/master/docs/en/writing-running-appium/server-args.md
| *Option*            | *Man.* | *Description*     |
| remote_url          | Yes    | Appium server url |
| alias               | no     | alias             |
| strict_ssl          | No     | allows you to send commands to an invalid certificate host like a self-signed one. |</doc>
<status status="PASS" start="2024-05-26T14:25:00.076128" elapsed="14.366994"/>
</kw>
<status status="PASS" start="2024-05-26T14:25:00.075751" elapsed="14.367995"/>
</kw>
<kw name="Wait and click">
<kw name="Wait Until Element Is Visible" owner="AppiumLibrary">
<msg time="2024-05-26T14:25:15.478541" level="INFO">xpath criteria: //android.widget.TextView[@text="Add"]</msg>
<arg>${locator}</arg>
<doc>Waits until element specified with `locator` is visible.</doc>
<status status="PASS" start="2024-05-26T14:25:14.445473" elapsed="1.033294"/>
</kw>
<kw name="Click Element" owner="AppiumLibrary">
<msg time="2024-05-26T14:25:15.482158" level="INFO">Clicking element '//android.widget.TextView[@text="Add"]'.</msg>
<msg time="2024-05-26T14:25:16.228449" level="INFO">xpath criteria: //android.widget.TextView[@text="Add"]</msg>
<arg>${locator}</arg>
<doc>Click element identified by `locator`.</doc>
<status status="PASS" start="2024-05-26T14:25:15.479166" elapsed="0.749515"/>
</kw>
<arg>//android.widget.TextView[@text="Add"]</arg>
<status status="PASS" start="2024-05-26T14:25:14.444645" elapsed="1.784289"/>
</kw>
<kw name="Wait and input text">
<kw name="Wait Until Element Is Visible" owner="AppiumLibrary">
<msg time="2024-05-26T14:25:16.840364" level="INFO">xpath criteria: //androidx.compose.ui.platform.ComposeView/android.view.View/android.view.View/android.widget.EditText[1]</msg>
<arg>${locator}</arg>
<doc>Waits until element specified with `locator` is visible.</doc>
<status status="PASS" start="2024-05-26T14:25:16.230661" elapsed="0.609860"/>
</kw>
<kw name="Input Text" owner="AppiumLibrary">
<msg time="2024-05-26T14:25:16.843918" level="INFO">Typing text 'test name' into text field '//androidx.compose.ui.platform.ComposeView/android.view.View/android.view.View/android.widget.EditText[1]'</msg>
<msg time="2024-05-26T14:25:17.085509" level="INFO">xpath criteria: //androidx.compose.ui.platform.ComposeView/android.view.View/android.view.View/android.widget.EditText[1]</msg>
<arg>${locator}</arg>
<arg>${text}</arg>
<doc>Types the given `text` into text field identified by `locator`.</doc>
<status status="PASS" start="2024-05-26T14:25:16.840873" elapsed="0.244796"/>
</kw>
<arg>//androidx.compose.ui.platform.ComposeView/android.view.View/android.view.View/android.widget.EditText[1]</arg>
<arg>${song_name}</arg>
<status status="PASS" start="2024-05-26T14:25:16.229649" elapsed="0.856209"/>
</kw>
<kw name="Wait and input text">
<kw name="Wait Until Element Is Visible" owner="AppiumLibrary">
<msg time="2024-05-26T14:25:17.272521" level="INFO">xpath criteria: //androidx.compose.ui.platform.ComposeView/android.view.View/android.view.View/android.widget.EditText[2]</msg>
<arg>${locator}</arg>
<doc>Waits until element specified with `locator` is visible.</doc>
<status status="PASS" start="2024-05-26T14:25:17.086763" elapsed="0.185848"/>
</kw>
<kw name="Input Text" owner="AppiumLibrary">
<msg time="2024-05-26T14:25:17.274278" level="INFO">Typing text 'https://www.soundhelix.com/examples/mp3/SoundHelix-Song-1.mp3' into text field '//androidx.compose.ui.platform.ComposeView/android.view.View/android.view.View/android.widget.EditText[2]'</msg>
<msg time="2024-05-26T14:25:17.404964" level="INFO">xpath criteria: //androidx.compose.ui.platform.ComposeView/android.view.View/android.view.View/android.widget.EditText[2]</msg>
<arg>${locator}</arg>
<arg>${text}</arg>
<doc>Types the given `text` into text field identified by `locator`.</doc>
<status status="PASS" start="2024-05-26T14:25:17.272807" elapsed="0.132247"/>
</kw>
<arg>//androidx.compose.ui.platform.ComposeView/android.view.View/android.view.View/android.widget.EditText[2]</arg>
<arg>${AUDIO_URL}</arg>
<status status="PASS" start="2024-05-26T14:25:17.086307" elapsed="0.318854"/>
</kw>
<kw name="Wait and input text">
<kw name="Wait Until Element Is Visible" owner="AppiumLibrary">
<msg time="2024-05-26T14:25:17.562557" level="INFO">xpath criteria: //androidx.compose.ui.platform.ComposeView/android.view.View/android.view.View/android.widget.EditText[3]</msg>
<arg>${locator}</arg>
<doc>Waits until element specified with `locator` is visible.</doc>
<status status="PASS" start="2024-05-26T14:25:17.405874" elapsed="0.156794"/>
</kw>
<kw name="Input Text" owner="AppiumLibrary">
<msg time="2024-05-26T14:25:17.565170" level="INFO">Typing text 'https://external-content.duckduckgo.com/iu/?u=https%3A%2F%2Ffreepngimg.com%2Fthumb%2Fleaf%2F30436-8-leaf-transparent.png&amp;f=1&amp;nofb=1&amp;ipt=58227c5b3bb209272fddc9964df6398aa187ecdf79f144e5766b10dde7b35958&amp;ipo=image' into text field '//androidx.compose.ui.platform.ComposeView/android.view.View/android.view.View/android.widget.EditText[3]'</msg>
<msg time="2024-05-26T14:25:17.718938" level="INFO">xpath criteria: //androidx.compose.ui.platform.ComposeView/android.view.View/android.view.View/android.widget.EditText[3]</msg>
<arg>${locator}</arg>
<arg>${text}</arg>
<doc>Types the given `text` into text field identified by `locator`.</doc>
<status status="PASS" start="2024-05-26T14:25:17.562949" elapsed="0.156992"/>
</kw>
<arg>//androidx.compose.ui.platform.ComposeView/android.view.View/android.view.View/android.widget.EditText[3]</arg>
<arg>${IMAGE_URL}</arg>
<status status="PASS" start="2024-05-26T14:25:17.405441" elapsed="0.314622"/>
</kw>
<kw name="Sleep" owner="BuiltIn">
<msg time="2024-05-26T14:25:18.721227" level="INFO">Slept 1 second.</msg>
<arg>1</arg>
<doc>Pauses the test executed for the given time.</doc>
<status status="PASS" start="2024-05-26T14:25:17.720325" elapsed="1.001277"/>
</kw>
<kw name="Page Should Contain Element" owner="AppiumLibrary">
<msg time="2024-05-26T14:25:18.883713" level="INFO">Current page contains element '//android.widget.ImageView[@content-desc="Image"]'.</msg>
<msg time="2024-05-26T14:25:18.883830" level="INFO">xpath criteria: //android.widget.ImageView[@content-desc="Image"]</msg>
<arg>//android.widget.ImageView[@content-desc="Image"]</arg>
<doc>Verifies that current page contains `locator` element.</doc>
<status status="PASS" start="2024-05-26T14:25:18.722229" elapsed="0.161655"/>
</kw>
<kw name="Wait and click">
<kw name="Wait Until Element Is Visible" owner="AppiumLibrary">
<msg time="2024-05-26T14:25:19.045000" level="INFO">xpath criteria: //android.widget.TextView[@text="Save"]</msg>
<arg>${locator}</arg>
<doc>Waits until element specified with `locator` is visible.</doc>
<status status="PASS" start="2024-05-26T14:25:18.884606" elapsed="0.160516"/>
</kw>
<kw name="Click Element" owner="AppiumLibrary">
<msg time="2024-05-26T14:25:19.046753" level="INFO">Clicking element '//android.widget.TextView[@text="Save"]'.</msg>
<msg time="2024-05-26T14:25:19.298707" level="INFO">xpath criteria: //android.widget.TextView[@text="Save"]</msg>
<arg>${locator}</arg>
<doc>Click element identified by `locator`.</doc>
<status status="PASS" start="2024-05-26T14:25:19.045306" elapsed="0.253497"/>
</kw>
<arg>//android.widget.TextView[@text="Save"]</arg>
<status status="PASS" start="2024-05-26T14:25:18.884231" elapsed="0.414676"/>
</kw>
<kw name="Sleep" owner="BuiltIn">
<msg time="2024-05-26T14:25:20.301697" level="INFO">Slept 1 second.</msg>
<arg>1</arg>
<doc>Pauses the test executed for the given time.</doc>
<status status="PASS" start="2024-05-26T14:25:19.299122" elapsed="1.002816"/>
</kw>
<kw name="Page Should Contain Element" owner="AppiumLibrary">
<msg time="2024-05-26T14:25:20.465072" level="INFO">Current page contains element '//android.widget.TextView[@text="Play"]'.</msg>
<msg time="2024-05-26T14:25:20.465289" level="INFO">xpath criteria: //android.widget.TextView[@text="Play"]</msg>
<arg>//android.widget.TextView[@text="Play"]</arg>
<doc>Verifies that current page contains `locator` element.</doc>
<status status="PASS" start="2024-05-26T14:25:20.302478" elapsed="0.162922"/>
</kw>
<kw name="Page Should Contain Element" owner="AppiumLibrary">
<msg time="2024-05-26T14:25:20.587610" level="INFO">Current page contains element '//android.widget.TextView[@text="test name"]'.</msg>
<msg time="2024-05-26T14:25:20.587694" level="INFO">xpath criteria: //android.widget.TextView[@text="test name"]</msg>
<arg>//android.widget.TextView[@text="${song_name}"]</arg>
<doc>Verifies that current page contains `locator` element.</doc>
<status status="PASS" start="2024-05-26T14:25:20.466161" elapsed="0.121579"/>
</kw>
<kw name="Page Should Contain Element" owner="AppiumLibrary">
<msg time="2024-05-26T14:25:20.695950" level="INFO">Current page contains element '//android.view.View[@content-desc="Image"]'.</msg>
<msg time="2024-05-26T14:25:20.696092" level="INFO">xpath criteria: //android.view.View[@content-desc="Image"]</msg>
<arg>//android.view.View[@content-desc="Image"]</arg>
<doc>Verifies that current page contains `locator` element.</doc>
<status status="PASS" start="2024-05-26T14:25:20.587957" elapsed="0.108224"/>
</kw>
<kw name="Close Application" owner="AppiumLibrary" type="TEARDOWN">
<doc>Closes the current application and also close webdriver session.</doc>
<status status="PASS" start="2024-05-26T14:25:20.696878" elapsed="0.396182"/>
</kw>
<status status="PASS" start="2024-05-26T14:25:00.075136" elapsed="21.018159"/>
</test>
<test id="s1-t3" name="Testowanie dodanego utworu" line="57">
<kw name="Setup" type="SETUP">
<kw name="Open Application" owner="AppiumLibrary">
<arg>http://localhost:4723/wd/hub</arg>
<arg>automationName=Appium</arg>
<arg>platformName=Android</arg>
<arg>noReset=${True}</arg>
<arg>app=/Users/adam/Desktop/studia/soundsAppTests/app.apk</arg>
<doc>Opens a new application to given Appium server.
Capabilities of appium server, Android and iOS,
Please check https://github.com/appium/appium/blob/master/docs/en/writing-running-appium/server-args.md
| *Option*            | *Man.* | *Description*     |
| remote_url          | Yes    | Appium server url |
| alias               | no     | alias             |
| strict_ssl          | No     | allows you to send commands to an invalid certificate host like a self-signed one. |</doc>
<status status="PASS" start="2024-05-26T14:25:21.095571" elapsed="9.079813"/>
</kw>
<status status="PASS" start="2024-05-26T14:25:21.094964" elapsed="9.081231"/>
</kw>
<kw name="Wait and click">
<kw name="Wait Until Element Is Visible" owner="AppiumLibrary">
<msg time="2024-05-26T14:25:31.210790" level="INFO">xpath criteria: //android.widget.TextView[@text="test name"]</msg>
<arg>${locator}</arg>
<doc>Waits until element specified with `locator` is visible.</doc>
<status status="PASS" start="2024-05-26T14:25:30.178663" elapsed="1.032271"/>
</kw>
<kw name="Click Element" owner="AppiumLibrary">
<msg time="2024-05-26T14:25:31.214106" level="INFO">Clicking element '//android.widget.TextView[@text="test name"]'.</msg>
<msg time="2024-05-26T14:25:31.950675" level="INFO">xpath criteria: //android.widget.TextView[@text="test name"]</msg>
<arg>${locator}</arg>
<doc>Click element identified by `locator`.</doc>
<status status="PASS" start="2024-05-26T14:25:31.211216" elapsed="0.739621"/>
</kw>
<arg>//android.widget.TextView[@text="${song_name}"]</arg>
<status status="PASS" start="2024-05-26T14:25:30.177478" elapsed="1.773532"/>
</kw>
<kw name="Page Should Contain Element" owner="AppiumLibrary">
<msg time="2024-05-26T14:25:32.110880" level="INFO">Current page contains element '//android.view.View[@content-desc="Selected"]'.</msg>
<msg time="2024-05-26T14:25:32.110988" level="INFO">xpath criteria: //android.view.View[@content-desc="Selected"]</msg>
<arg>//android.view.View[@content-desc="Selected"]</arg>
<doc>Verifies that current page contains `locator` element.</doc>
<status status="PASS" start="2024-05-26T14:25:31.951402" elapsed="0.159638"/>
</kw>
<kw name="Wait and click">
<kw name="Wait Until Element Is Visible" owner="AppiumLibrary">
<msg time="2024-05-26T14:25:32.263752" level="INFO">xpath criteria: //android.widget.TextView[@text="Play"]</msg>
<arg>${locator}</arg>
<doc>Waits until element specified with `locator` is visible.</doc>
<status status="PASS" start="2024-05-26T14:25:32.111878" elapsed="0.152220"/>
</kw>
<kw name="Click Element" owner="AppiumLibrary">
<msg time="2024-05-26T14:25:32.269047" level="INFO">Clicking element '//android.widget.TextView[@text="Play"]'.</msg>
<msg time="2024-05-26T14:25:33.163288" level="INFO">xpath criteria: //android.widget.TextView[@text="Play"]</msg>
<arg>${locator}</arg>
<doc>Click element identified by `locator`.</doc>
<status status="PASS" start="2024-05-26T14:25:32.266864" elapsed="0.897996"/>
</kw>
<arg>//android.widget.TextView[@text="Play"]</arg>
<status status="PASS" start="2024-05-26T14:25:32.111467" elapsed="1.054893"/>
</kw>
<kw name="Sleep" owner="BuiltIn">
<msg time="2024-05-26T14:25:36.172486" level="INFO">Slept 3 seconds.</msg>
<arg>3</arg>
<doc>Pauses the test executed for the given time.</doc>
<status status="PASS" start="2024-05-26T14:25:33.168628" elapsed="3.005516"/>
</kw>
<kw name="Page Should Contain Element" owner="AppiumLibrary">
<msg time="2024-05-26T14:25:36.468300" level="INFO">Current page contains element '//android.widget.TextView[@text="Stop"]'.</msg>
<msg time="2024-05-26T14:25:36.468623" level="INFO">xpath criteria: //android.widget.TextView[@text="Stop"]</msg>
<arg>//android.widget.TextView[@text="Stop"]</arg>
<doc>Verifies that current page contains `locator` element.</doc>
<status status="PASS" start="2024-05-26T14:25:36.176133" elapsed="0.292578"/>
</kw>
<kw name="Wait and click">
<kw name="Wait Until Element Is Visible" owner="AppiumLibrary">
<msg time="2024-05-26T14:25:36.695844" level="INFO">xpath criteria: //android.widget.TextView[@text="Stop"]</msg>
<arg>${locator}</arg>
<doc>Waits until element specified with `locator` is visible.</doc>
<status status="PASS" start="2024-05-26T14:25:36.471432" elapsed="0.224525"/>
</kw>
<kw name="Click Element" owner="AppiumLibrary">
<msg time="2024-05-26T14:25:36.697695" level="INFO">Clicking element '//android.widget.TextView[@text="Stop"]'.</msg>
<msg time="2024-05-26T14:25:37.035038" level="INFO">xpath criteria: //android.widget.TextView[@text="Stop"]</msg>
<arg>${locator}</arg>
<doc>Click element identified by `locator`.</doc>
<status status="PASS" start="2024-05-26T14:25:36.696171" elapsed="0.340494"/>
</kw>
<arg>//android.widget.TextView[@text="Stop"]</arg>
<status status="PASS" start="2024-05-26T14:25:36.470660" elapsed="0.567606"/>
</kw>
<kw name="Page Should Contain Element" owner="AppiumLibrary">
<msg time="2024-05-26T14:25:37.178616" level="INFO">Current page contains element '//android.widget.TextView[@text="Play"]'.</msg>
<msg time="2024-05-26T14:25:37.178883" level="INFO">xpath criteria: //android.widget.TextView[@text="Play"]</msg>
<arg>//android.widget.TextView[@text="Play"]</arg>
<doc>Verifies that current page contains `locator` element.</doc>
<status status="PASS" start="2024-05-26T14:25:37.042598" elapsed="0.136436"/>
</kw>
<kw name="Wait and click">
<kw name="Wait Until Element Is Visible" owner="AppiumLibrary">
<msg time="2024-05-26T14:25:37.326548" level="INFO">xpath criteria: //android.widget.TextView[@text="test name"]</msg>
<arg>${locator}</arg>
<doc>Waits until element specified with `locator` is visible.</doc>
<status status="PASS" start="2024-05-26T14:25:37.181346" elapsed="0.145495"/>
</kw>
<kw name="Click Element" owner="AppiumLibrary">
<msg time="2024-05-26T14:25:37.329011" level="INFO">Clicking element '//android.widget.TextView[@text="test name"]'.</msg>
<msg time="2024-05-26T14:25:37.560891" level="INFO">xpath criteria: //android.widget.TextView[@text="test name"]</msg>
<arg>${locator}</arg>
<doc>Click element identified by `locator`.</doc>
<status status="PASS" start="2024-05-26T14:25:37.327283" elapsed="0.233768"/>
</kw>
<arg>//android.widget.TextView[@text="${song_name}"]</arg>
<status status="PASS" start="2024-05-26T14:25:37.180355" elapsed="0.381186"/>
</kw>
<kw name="Page Should Not Contain Element" owner="AppiumLibrary">
<msg time="2024-05-26T14:25:37.648300" level="INFO">Current page not contains element '//android.view.View[@content-desc="Selected"]'.</msg>
<msg time="2024-05-26T14:25:37.648569" level="INFO">xpath criteria: //android.view.View[@content-desc="Selected"]</msg>
<arg>//android.view.View[@content-desc="Selected"]</arg>
<doc>Verifies that current page not contains `locator` element.</doc>
<status status="PASS" start="2024-05-26T14:25:37.562457" elapsed="0.086190"/>
</kw>
<kw name="Wait and click">
<kw name="Wait Until Element Is Visible" owner="AppiumLibrary">
<msg time="2024-05-26T14:25:37.718311" level="INFO">xpath criteria: //android.widget.TextView[@text="Play"]</msg>
<arg>${locator}</arg>
<doc>Waits until element specified with `locator` is visible.</doc>
<status status="PASS" start="2024-05-26T14:25:37.650267" elapsed="0.068148"/>
</kw>
<kw name="Click Element" owner="AppiumLibrary">
<msg time="2024-05-26T14:25:37.721932" level="INFO">Clicking element '//android.widget.TextView[@text="Play"]'.</msg>
<msg time="2024-05-26T14:25:37.823128" level="INFO">xpath criteria: //android.widget.TextView[@text="Play"]</msg>
<arg>${locator}</arg>
<doc>Click element identified by `locator`.</doc>
<status status="PASS" start="2024-05-26T14:25:37.718616" elapsed="0.104624"/>
</kw>
<arg>//android.widget.TextView[@text="Play"]</arg>
<status status="PASS" start="2024-05-26T14:25:37.649593" elapsed="0.173772"/>
</kw>
<kw name="Sleep" owner="BuiltIn">
<msg time="2024-05-26T14:25:40.828875" level="INFO">Slept 3 seconds.</msg>
<arg>3</arg>
<doc>Pauses the test executed for the given time.</doc>
<status status="PASS" start="2024-05-26T14:25:37.823640" elapsed="3.009107"/>
</kw>
<kw name="Page Should Contain Element" owner="AppiumLibrary">
<msg time="2024-05-26T14:25:40.957177" level="INFO">Current page contains element '//android.widget.TextView[@text="Stop"]'.</msg>
<msg time="2024-05-26T14:25:40.957281" level="INFO">xpath criteria: //android.widget.TextView[@text="Stop"]</msg>
<arg>//android.widget.TextView[@text="Stop"]</arg>
<doc>Verifies that current page contains `locator` element.</doc>
<status status="PASS" start="2024-05-26T14:25:40.834632" elapsed="0.122699"/>
</kw>
<kw name="Wait and click">
<kw name="Wait Until Element Is Visible" owner="AppiumLibrary">
<msg time="2024-05-26T14:25:41.109821" level="INFO">xpath criteria: //android.widget.TextView[@text="Stop"]</msg>
<arg>${locator}</arg>
<doc>Waits until element specified with `locator` is visible.</doc>
<status status="PASS" start="2024-05-26T14:25:40.959394" elapsed="0.150674"/>
</kw>
<kw name="Click Element" owner="AppiumLibrary">
<msg time="2024-05-26T14:25:41.112334" level="INFO">Clicking element '//android.widget.TextView[@text="Stop"]'.</msg>
<msg time="2024-05-26T14:25:41.327868" level="INFO">xpath criteria: //android.widget.TextView[@text="Stop"]</msg>
<arg>${locator}</arg>
<doc>Click element identified by `locator`.</doc>
<status status="PASS" start="2024-05-26T14:25:41.110499" elapsed="0.217477"/>
</kw>
<arg>//android.widget.TextView[@text="Stop"]</arg>
<status status="PASS" start="2024-05-26T14:25:40.958593" elapsed="0.369593"/>
</kw>
<kw name="Close Application" owner="AppiumLibrary" type="TEARDOWN">
<doc>Closes the current application and also close webdriver session.</doc>
<status status="PASS" start="2024-05-26T14:25:41.328866" elapsed="0.798933"/>
</kw>
<status status="PASS" start="2024-05-26T14:25:21.093848" elapsed="21.034794"/>
</test>
<test id="s1-t4" name="Dodawanie niepełnego utworu" line="72">
<kw name="Setup" type="SETUP">
<kw name="Open Application" owner="AppiumLibrary">
<arg>http://localhost:4723/wd/hub</arg>
<arg>automationName=Appium</arg>
<arg>platformName=Android</arg>
<arg>noReset=${True}</arg>
<arg>app=/Users/adam/Desktop/studia/soundsAppTests/app.apk</arg>
<doc>Opens a new application to given Appium server.
Capabilities of appium server, Android and iOS,
Please check https://github.com/appium/appium/blob/master/docs/en/writing-running-appium/server-args.md
| *Option*            | *Man.* | *Description*     |
| remote_url          | Yes    | Appium server url |
| alias               | no     | alias             |
| strict_ssl          | No     | allows you to send commands to an invalid certificate host like a self-signed one. |</doc>
<status status="PASS" start="2024-05-26T14:25:42.133836" elapsed="12.677817"/>
</kw>
<status status="PASS" start="2024-05-26T14:25:42.133167" elapsed="12.679256"/>
</kw>
<kw name="Wait and click">
<kw name="Wait Until Element Is Visible" owner="AppiumLibrary">
<msg time="2024-05-26T14:25:55.959251" level="INFO">xpath criteria: //android.widget.TextView[@text="Add"]</msg>
<arg>${locator}</arg>
<doc>Waits until element specified with `locator` is visible.</doc>
<status status="PASS" start="2024-05-26T14:25:54.814645" elapsed="1.146557"/>
</kw>
<kw name="Click Element" owner="AppiumLibrary">
<msg time="2024-05-26T14:25:55.968296" level="INFO">Clicking element 'xpath=//android.widget.TextView[@text="Add"]'.</msg>
<msg time="2024-05-26T14:25:56.842611" level="INFO">xpath criteria: //android.widget.TextView[@text="Add"]</msg>
<arg>${locator}</arg>
<doc>Click element identified by `locator`.</doc>
<status status="PASS" start="2024-05-26T14:25:55.963799" elapsed="0.879782"/>
</kw>
<arg>xpath=//android.widget.TextView[@text="Add"]</arg>
<status status="PASS" start="2024-05-26T14:25:54.813671" elapsed="2.031571"/>
</kw>
<kw name="Wait and input text">
<kw name="Wait Until Element Is Visible" owner="AppiumLibrary">
<msg time="2024-05-26T14:25:57.457214" level="INFO">xpath criteria: //androidx.compose.ui.platform.ComposeView/android.view.View/android.view.View/android.widget.EditText[1]</msg>
<arg>${locator}</arg>
<doc>Waits until element specified with `locator` is visible.</doc>
<status status="PASS" start="2024-05-26T14:25:56.849703" elapsed="0.608591"/>
</kw>
<kw name="Input Text" owner="AppiumLibrary">
<msg time="2024-05-26T14:25:57.465893" level="INFO">Typing text 'test name 2' into text field '//androidx.compose.ui.platform.ComposeView/android.view.View/android.view.View/android.widget.EditText[1]'</msg>
<msg time="2024-05-26T14:25:57.708034" level="INFO">xpath criteria: //androidx.compose.ui.platform.ComposeView/android.view.View/android.view.View/android.widget.EditText[1]</msg>
<arg>${locator}</arg>
<arg>${text}</arg>
<doc>Types the given `text` into text field identified by `locator`.</doc>
<status status="PASS" start="2024-05-26T14:25:57.460204" elapsed="0.248131"/>
</kw>
<arg>//androidx.compose.ui.platform.ComposeView/android.view.View/android.view.View/android.widget.EditText[1]</arg>
<arg>${second_song_name}</arg>
<status status="PASS" start="2024-05-26T14:25:56.846908" elapsed="0.861774"/>
</kw>
<kw name="Wait and click">
<kw name="Wait Until Element Is Visible" owner="AppiumLibrary">
<msg time="2024-05-26T14:25:57.961211" level="INFO">xpath criteria: //android.widget.TextView[@text="Save"]</msg>
<arg>${locator}</arg>
<doc>Waits until element specified with `locator` is visible.</doc>
<status status="PASS" start="2024-05-26T14:25:57.710567" elapsed="0.250795"/>
</kw>
<kw name="Click Element" owner="AppiumLibrary">
<msg time="2024-05-26T14:25:57.964860" level="INFO">Clicking element '//android.widget.TextView[@text="Save"]'.</msg>
<msg time="2024-05-26T14:25:58.264456" level="INFO">xpath criteria: //android.widget.TextView[@text="Save"]</msg>
<arg>${locator}</arg>
<doc>Click element identified by `locator`.</doc>
<status status="PASS" start="2024-05-26T14:25:57.961689" elapsed="0.305370"/>
</kw>
<arg>//android.widget.TextView[@text="Save"]</arg>
<status status="PASS" start="2024-05-26T14:25:57.709745" elapsed="0.559031"/>
</kw>
<kw name="Sleep" owner="BuiltIn">
<msg time="2024-05-26T14:25:59.274029" level="INFO">Slept 1 second.</msg>
<arg>1</arg>
<doc>Pauses the test executed for the given time.</doc>
<status status="PASS" start="2024-05-26T14:25:58.271371" elapsed="1.004172"/>
</kw>
<kw name="Page Should Not Contain Element" owner="AppiumLibrary">
<msg time="2024-05-26T14:25:59.495898" level="INFO">Current page not contains element '//android.widget.TextView[@text="test name 2"]'.</msg>
<msg time="2024-05-26T14:25:59.496233" level="INFO">xpath criteria: //android.widget.TextView[@text="test name 2"]</msg>
<arg>//android.widget.TextView[@text="${second_song_name}"]</arg>
<doc>Verifies that current page not contains `locator` element.</doc>
<status status="PASS" start="2024-05-26T14:25:59.277345" elapsed="0.218961"/>
</kw>
<kw name="Close Application" owner="AppiumLibrary" type="TEARDOWN">
<doc>Closes the current application and also close webdriver session.</doc>
<status status="PASS" start="2024-05-26T14:25:59.496926" elapsed="0.752325"/>
</kw>
<status status="PASS" start="2024-05-26T14:25:42.131591" elapsed="18.118598"/>
</test>
<test id="s1-t5" name="Porzucenie dodawania utworu" line="79">
<kw name="Setup" type="SETUP">
<kw name="Open Application" owner="AppiumLibrary">
<arg>http://localhost:4723/wd/hub</arg>
<arg>automationName=Appium</arg>
<arg>platformName=Android</arg>
<arg>noReset=${True}</arg>
<arg>app=/Users/adam/Desktop/studia/soundsAppTests/app.apk</arg>
<doc>Opens a new application to given Appium server.
Capabilities of appium server, Android and iOS,
Please check https://github.com/appium/appium/blob/master/docs/en/writing-running-appium/server-args.md
| *Option*            | *Man.* | *Description*     |
| remote_url          | Yes    | Appium server url |
| alias               | no     | alias             |
| strict_ssl          | No     | allows you to send commands to an invalid certificate host like a self-signed one. |</doc>
<status status="PASS" start="2024-05-26T14:26:00.256813" elapsed="12.482956"/>
</kw>
<status status="PASS" start="2024-05-26T14:26:00.255161" elapsed="12.485954"/>
</kw>
<kw name="Wait and click">
<kw name="Wait Until Element Is Visible" owner="AppiumLibrary">
<msg time="2024-05-26T14:26:13.757424" level="INFO">xpath criteria: //android.widget.TextView[@text="Add"]</msg>
<arg>${locator}</arg>
<doc>Waits until element specified with `locator` is visible.</doc>
<status status="PASS" start="2024-05-26T14:26:12.745484" elapsed="1.012789"/>
</kw>
<kw name="Click Element" owner="AppiumLibrary">
<msg time="2024-05-26T14:26:13.762724" level="INFO">Clicking element 'xpath=//android.widget.TextView[@text="Add"]'.</msg>
<msg time="2024-05-26T14:26:14.633913" level="INFO">xpath criteria: //android.widget.TextView[@text="Add"]</msg>
<arg>${locator}</arg>
<doc>Click element identified by `locator`.</doc>
<status status="PASS" start="2024-05-26T14:26:13.759418" elapsed="0.876635"/>
</kw>
<arg>xpath=//android.widget.TextView[@text="Add"]</arg>
<status status="PASS" start="2024-05-26T14:26:12.743233" elapsed="1.895337"/>
</kw>
<kw name="Wait and input text">
<kw name="Wait Until Element Is Visible" owner="AppiumLibrary">
<msg time="2024-05-26T14:26:15.419470" level="INFO">xpath criteria: //androidx.compose.ui.platform.ComposeView/android.view.View/android.view.View/android.widget.EditText[1]</msg>
<arg>${locator}</arg>
<doc>Waits until element specified with `locator` is visible.</doc>
<status status="PASS" start="2024-05-26T14:26:14.654814" elapsed="0.765477"/>
</kw>
<kw name="Input Text" owner="AppiumLibrary">
<msg time="2024-05-26T14:26:15.422994" level="INFO">Typing text 'test name 2' into text field '//androidx.compose.ui.platform.ComposeView/android.view.View/android.view.View/android.widget.EditText[1]'</msg>
<msg time="2024-05-26T14:26:15.669967" level="INFO">xpath criteria: //androidx.compose.ui.platform.ComposeView/android.view.View/android.view.View/android.widget.EditText[1]</msg>
<arg>${locator}</arg>
<arg>${text}</arg>
<doc>Types the given `text` into text field identified by `locator`.</doc>
<status status="PASS" start="2024-05-26T14:26:15.421577" elapsed="0.248687"/>
</kw>
<arg>//androidx.compose.ui.platform.ComposeView/android.view.View/android.view.View/android.widget.EditText[1]</arg>
<arg>${second_song_name}</arg>
<status status="PASS" start="2024-05-26T14:26:14.650611" elapsed="1.019970"/>
</kw>
<kw name="Wait and click">
<kw name="Wait Until Element Is Visible" owner="AppiumLibrary">
<msg time="2024-05-26T14:26:15.843000" level="INFO">xpath criteria: //android.widget.TextView[@text="Back"]</msg>
<arg>${locator}</arg>
<doc>Waits until element specified with `locator` is visible.</doc>
<status status="PASS" start="2024-05-26T14:26:15.673818" elapsed="0.169291"/>
</kw>
<kw name="Click Element" owner="AppiumLibrary">
<msg time="2024-05-26T14:26:15.845344" level="INFO">Clicking element '//android.widget.TextView[@text="Back"]'.</msg>
<msg time="2024-05-26T14:26:16.053248" level="INFO">xpath criteria: //android.widget.TextView[@text="Back"]</msg>
<arg>${locator}</arg>
<doc>Click element identified by `locator`.</doc>
<status status="PASS" start="2024-05-26T14:26:15.843352" elapsed="0.210305"/>
</kw>
<arg>//android.widget.TextView[@text="Back"]</arg>
<status status="PASS" start="2024-05-26T14:26:15.672421" elapsed="0.381562"/>
</kw>
<kw name="Sleep" owner="BuiltIn">
<msg time="2024-05-26T14:26:17.058689" level="INFO">Slept 1 second.</msg>
<arg>1</arg>
<doc>Pauses the test executed for the given time.</doc>
<status status="PASS" start="2024-05-26T14:26:16.054618" elapsed="1.007213"/>
</kw>
<kw name="Page Should Not Contain Element" owner="AppiumLibrary">
<msg time="2024-05-26T14:26:17.253191" level="INFO">Current page not contains element '//android.widget.TextView[@text="test name 2"]'.</msg>
<msg time="2024-05-26T14:26:17.253809" level="INFO">xpath criteria: //android.widget.TextView[@text="test name 2"]</msg>
<arg>//android.widget.TextView[@text="${second_song_name}"]</arg>
<doc>Verifies that current page not contains `locator` element.</doc>
<status status="PASS" start="2024-05-26T14:26:17.066066" elapsed="0.187830"/>
</kw>
<kw name="Close Application" owner="AppiumLibrary" type="TEARDOWN">
<doc>Closes the current application and also close webdriver session.</doc>
<status status="PASS" start="2024-05-26T14:26:17.255786" elapsed="0.694479"/>
</kw>
<status status="PASS" start="2024-05-26T14:26:00.252129" elapsed="17.700964"/>
</test>
<test id="s1-t6" name="Dodawanie drugiego utworu" line="86">
<kw name="Setup" type="SETUP">
<kw name="Open Application" owner="AppiumLibrary">
<arg>http://localhost:4723/wd/hub</arg>
<arg>automationName=Appium</arg>
<arg>platformName=Android</arg>
<arg>noReset=${True}</arg>
<arg>app=/Users/adam/Desktop/studia/soundsAppTests/app.apk</arg>
<doc>Opens a new application to given Appium server.
Capabilities of appium server, Android and iOS,
Please check https://github.com/appium/appium/blob/master/docs/en/writing-running-appium/server-args.md
| *Option*            | *Man.* | *Description*     |
| remote_url          | Yes    | Appium server url |
| alias               | no     | alias             |
| strict_ssl          | No     | allows you to send commands to an invalid certificate host like a self-signed one. |</doc>
<status status="PASS" start="2024-05-26T14:26:17.961888" elapsed="12.042901"/>
</kw>
<status status="PASS" start="2024-05-26T14:26:17.960278" elapsed="12.045153"/>
</kw>
<kw name="Wait and click">
<kw name="Wait Until Element Is Visible" owner="AppiumLibrary">
<msg time="2024-05-26T14:26:31.565116" level="INFO">xpath criteria: //android.widget.TextView[@text="Add"]</msg>
<arg>${locator}</arg>
<doc>Waits until element specified with `locator` is visible.</doc>
<status status="PASS" start="2024-05-26T14:26:30.008239" elapsed="1.557060"/>
</kw>
<kw name="Click Element" owner="AppiumLibrary">
<msg time="2024-05-26T14:26:31.568031" level="INFO">Clicking element 'xpath=//android.widget.TextView[@text="Add"]'.</msg>
<msg time="2024-05-26T14:26:32.403740" level="INFO">xpath criteria: //android.widget.TextView[@text="Add"]</msg>
<arg>${locator}</arg>
<doc>Click element identified by `locator`.</doc>
<status status="PASS" start="2024-05-26T14:26:31.565511" elapsed="0.838316"/>
</kw>
<arg>xpath=//android.widget.TextView[@text="Add"]</arg>
<status status="PASS" start="2024-05-26T14:26:30.006761" elapsed="2.397163"/>
</kw>
<kw name="Wait and input text">
<kw name="Wait Until Element Is Visible" owner="AppiumLibrary">
<msg time="2024-05-26T14:26:32.989045" level="INFO">xpath criteria: //androidx.compose.ui.platform.ComposeView/android.view.View/android.view.View/android.widget.EditText[1]</msg>
<arg>${locator}</arg>
<doc>Waits until element specified with `locator` is visible.</doc>
<status status="PASS" start="2024-05-26T14:26:32.404649" elapsed="0.584487"/>
</kw>
<kw name="Input Text" owner="AppiumLibrary">
<msg time="2024-05-26T14:26:32.990774" level="INFO">Typing text 'test name 2' into text field '//androidx.compose.ui.platform.ComposeView/android.view.View/android.view.View/android.widget.EditText[1]'</msg>
<msg time="2024-05-26T14:26:33.201632" level="INFO">xpath criteria: //androidx.compose.ui.platform.ComposeView/android.view.View/android.view.View/android.widget.EditText[1]</msg>
<arg>${locator}</arg>
<arg>${text}</arg>
<doc>Types the given `text` into text field identified by `locator`.</doc>
<status status="PASS" start="2024-05-26T14:26:32.989305" elapsed="0.212426"/>
</kw>
<arg>//androidx.compose.ui.platform.ComposeView/android.view.View/android.view.View/android.widget.EditText[1]</arg>
<arg>${second_song_name}</arg>
<status status="PASS" start="2024-05-26T14:26:32.404232" elapsed="0.797616"/>
</kw>
<kw name="Wait and input text">
<kw name="Wait Until Element Is Visible" owner="AppiumLibrary">
<msg time="2024-05-26T14:26:33.372855" level="INFO">xpath criteria: //androidx.compose.ui.platform.ComposeView/android.view.View/android.view.View/android.widget.EditText[2]</msg>
<arg>${locator}</arg>
<doc>Waits until element specified with `locator` is visible.</doc>
<status status="PASS" start="2024-05-26T14:26:33.202917" elapsed="0.170050"/>
</kw>
<kw name="Input Text" owner="AppiumLibrary">
<msg time="2024-05-26T14:26:33.374794" level="INFO">Typing text 'https://www.soundhelix.com/examples/mp3/SoundHelix-Song-2.mp3' into text field '//androidx.compose.ui.platform.ComposeView/android.view.View/android.view.View/android.widget.EditText[2]'</msg>
<msg time="2024-05-26T14:26:33.518613" level="INFO">xpath criteria: //androidx.compose.ui.platform.ComposeView/android.view.View/android.view.View/android.widget.EditText[2]</msg>
<arg>${locator}</arg>
<arg>${text}</arg>
<doc>Types the given `text` into text field identified by `locator`.</doc>
<status status="PASS" start="2024-05-26T14:26:33.373165" elapsed="0.145544"/>
</kw>
<arg>//androidx.compose.ui.platform.ComposeView/android.view.View/android.view.View/android.widget.EditText[2]</arg>
<arg>${second_AUDIO_URL}</arg>
<status status="PASS" start="2024-05-26T14:26:33.202315" elapsed="0.316495"/>
</kw>
<kw name="Wait and input text">
<kw name="Wait Until Element Is Visible" owner="AppiumLibrary">
<msg time="2024-05-26T14:26:33.671977" level="INFO">xpath criteria: //androidx.compose.ui.platform.ComposeView/android.view.View/android.view.View/android.widget.EditText[3]</msg>
<arg>${locator}</arg>
<doc>Waits until element specified with `locator` is visible.</doc>
<status status="PASS" start="2024-05-26T14:26:33.519457" elapsed="0.152664"/>
</kw>
<kw name="Input Text" owner="AppiumLibrary">
<msg time="2024-05-26T14:26:33.675325" level="INFO">Typing text 'https://external-content.duckduckgo.com/iu/?u=https%3A%2F%2Fwww.pngall.com%2Fwp-content%2Fuploads%2F5%2FSingle-Plant-Leaf-PNG-File.png&amp;f=1&amp;nofb=1&amp;ipt=1240cf145252d0fa6f56cd5246ad0ad1cfe7ec7e32d845ede5ecd8cd83a2b5c9&amp;ipo=images' into text field '//androidx.compose.ui.platform.ComposeView/android.view.View/android.view.View/android.widget.EditText[3]'</msg>
<msg time="2024-05-26T14:26:33.851763" level="INFO">xpath criteria: //androidx.compose.ui.platform.ComposeView/android.view.View/android.view.View/android.widget.EditText[3]</msg>
<arg>${locator}</arg>
<arg>${text}</arg>
<doc>Types the given `text` into text field identified by `locator`.</doc>
<status status="PASS" start="2024-05-26T14:26:33.672409" elapsed="0.179497"/>
</kw>
<arg>//androidx.compose.ui.platform.ComposeView/android.view.View/android.view.View/android.widget.EditText[3]</arg>
<arg>${second_IMAGE_URL}</arg>
<status status="PASS" start="2024-05-26T14:26:33.519071" elapsed="0.333000"/>
</kw>
<kw name="Sleep" owner="BuiltIn">
<msg time="2024-05-26T14:26:34.855289" level="INFO">Slept 1 second.</msg>
<arg>1</arg>
<doc>Pauses the test executed for the given time.</doc>
<status status="PASS" start="2024-05-26T14:26:33.852453" elapsed="1.002964"/>
</kw>
<kw name="Page Should Contain Element" owner="AppiumLibrary">
<msg time="2024-05-26T14:26:35.007132" level="INFO">Current page contains element '//android.widget.ImageView[@content-desc="Image"]'.</msg>
<msg time="2024-05-26T14:26:35.007233" level="INFO">xpath criteria: //android.widget.ImageView[@content-desc="Image"]</msg>
<arg>//android.widget.ImageView[@content-desc="Image"]</arg>
<doc>Verifies that current page contains `locator` element.</doc>
<status status="PASS" start="2024-05-26T14:26:34.855685" elapsed="0.151599"/>
</kw>
<kw name="Wait and click">
<kw name="Wait Until Element Is Visible" owner="AppiumLibrary">
<msg time="2024-05-26T14:26:35.131386" level="INFO">xpath criteria: //android.widget.TextView[@text="Save"]</msg>
<arg>${locator}</arg>
<doc>Waits until element specified with `locator` is visible.</doc>
<status status="PASS" start="2024-05-26T14:26:35.008102" elapsed="0.123391"/>
</kw>
<kw name="Click Element" owner="AppiumLibrary">
<msg time="2024-05-26T14:26:35.133437" level="INFO">Clicking element '//android.widget.TextView[@text="Save"]'.</msg>
<msg time="2024-05-26T14:26:35.357974" level="INFO">xpath criteria: //android.widget.TextView[@text="Save"]</msg>
<arg>${locator}</arg>
<doc>Click element identified by `locator`.</doc>
<status status="PASS" start="2024-05-26T14:26:35.131667" elapsed="0.226398"/>
</kw>
<arg>//android.widget.TextView[@text="Save"]</arg>
<status status="PASS" start="2024-05-26T14:26:35.007691" elapsed="0.350466"/>
</kw>
<kw name="Sleep" owner="BuiltIn">
<msg time="2024-05-26T14:26:36.360674" level="INFO">Slept 1 second.</msg>
<arg>1</arg>
<doc>Pauses the test executed for the given time.</doc>
<status status="PASS" start="2024-05-26T14:26:35.358365" elapsed="1.002452"/>
</kw>
<kw name="Page Should Contain Element" owner="AppiumLibrary">
<msg time="2024-05-26T14:26:36.531319" level="INFO">Current page contains element '//android.widget.TextView[@text="Play"]'.</msg>
<msg time="2024-05-26T14:26:36.531465" level="INFO">xpath criteria: //android.widget.TextView[@text="Play"]</msg>
<arg>//android.widget.TextView[@text="Play"]</arg>
<doc>Verifies that current page contains `locator` element.</doc>
<status status="PASS" start="2024-05-26T14:26:36.361139" elapsed="0.170415"/>
</kw>
<kw name="Page Should Contain Element" owner="AppiumLibrary">
<msg time="2024-05-26T14:26:36.671726" level="INFO">Current page contains element '//android.widget.TextView[@text="test name 2"]'.</msg>
<msg time="2024-05-26T14:26:36.671820" level="INFO">xpath criteria: //android.widget.TextView[@text="test name 2"]</msg>
<arg>//android.widget.TextView[@text="${second_song_name}"]</arg>
<doc>Verifies that current page contains `locator` element.</doc>
<status status="PASS" start="2024-05-26T14:26:36.532034" elapsed="0.139836"/>
</kw>
<kw name="Page Should Contain Element" owner="AppiumLibrary">
<msg time="2024-05-26T14:26:36.788053" level="INFO">Current page contains element '//android.view.View[@content-desc="Image"]'.</msg>
<msg time="2024-05-26T14:26:36.788189" level="INFO">xpath criteria: //android.view.View[@content-desc="Image"]</msg>
<arg>//android.view.View[@content-desc="Image"]</arg>
<doc>Verifies that current page contains `locator` element.</doc>
<status status="PASS" start="2024-05-26T14:26:36.672103" elapsed="0.116173"/>
</kw>
<kw name="Close Application" owner="AppiumLibrary" type="TEARDOWN">
<doc>Closes the current application and also close webdriver session.</doc>
<status status="PASS" start="2024-05-26T14:26:36.788836" elapsed="0.432493"/>
</kw>
<status status="PASS" start="2024-05-26T14:26:17.956621" elapsed="19.264948"/>
</test>
<test id="s1-t7" name="Testowanie dodanego drugiego utworu" line="99">
<kw name="Setup" type="SETUP">
<kw name="Open Application" owner="AppiumLibrary">
<arg>http://localhost:4723/wd/hub</arg>
<arg>automationName=Appium</arg>
<arg>platformName=Android</arg>
<arg>noReset=${True}</arg>
<arg>app=/Users/adam/Desktop/studia/soundsAppTests/app.apk</arg>
<doc>Opens a new application to given Appium server.
Capabilities of appium server, Android and iOS,
Please check https://github.com/appium/appium/blob/master/docs/en/writing-running-appium/server-args.md
| *Option*            | *Man.* | *Description*     |
| remote_url          | Yes    | Appium server url |
| alias               | no     | alias             |
| strict_ssl          | No     | allows you to send commands to an invalid certificate host like a self-signed one. |</doc>
<status status="PASS" start="2024-05-26T14:26:37.223582" elapsed="9.113380"/>
</kw>
<status status="PASS" start="2024-05-26T14:26:37.223185" elapsed="9.114118"/>
</kw>
<kw name="Wait and click">
<kw name="Wait Until Element Is Visible" owner="AppiumLibrary">
<msg time="2024-05-26T14:26:48.051901" level="INFO">xpath criteria: //android.widget.TextView[@text="test name"]</msg>
<arg>${locator}</arg>
<doc>Waits until element specified with `locator` is visible.</doc>
<status status="PASS" start="2024-05-26T14:26:46.339024" elapsed="1.713096"/>
</kw>
<kw name="Click Element" owner="AppiumLibrary">
<msg time="2024-05-26T14:26:48.054389" level="INFO">Clicking element '//android.widget.TextView[@text="test name"]'.</msg>
<msg time="2024-05-26T14:26:48.491350" level="INFO">xpath criteria: //android.widget.TextView[@text="test name"]</msg>
<arg>${locator}</arg>
<doc>Click element identified by `locator`.</doc>
<status status="PASS" start="2024-05-26T14:26:48.052656" elapsed="0.438855"/>
</kw>
<arg>//android.widget.TextView[@text="${song_name}"]</arg>
<status status="PASS" start="2024-05-26T14:26:46.338264" elapsed="2.154029"/>
</kw>
<kw name="Wait and click">
<kw name="Wait Until Element Is Visible" owner="AppiumLibrary">
<msg time="2024-05-26T14:26:49.322216" level="INFO">xpath criteria: //android.widget.TextView[@text="test name 2"]</msg>
<arg>${locator}</arg>
<doc>Waits until element specified with `locator` is visible.</doc>
<status status="PASS" start="2024-05-26T14:26:48.494710" elapsed="0.827620"/>
</kw>
<kw name="Click Element" owner="AppiumLibrary">
<msg time="2024-05-26T14:26:49.324097" level="INFO">Clicking element '//android.widget.TextView[@text="test name 2"]'.</msg>
<msg time="2024-05-26T14:26:49.651917" level="INFO">xpath criteria: //android.widget.TextView[@text="test name 2"]</msg>
<arg>${locator}</arg>
<doc>Click element identified by `locator`.</doc>
<status status="PASS" start="2024-05-26T14:26:49.322542" elapsed="0.329468"/>
</kw>
<arg>//android.widget.TextView[@text="${second_song_name}"]</arg>
<status status="PASS" start="2024-05-26T14:26:48.492797" elapsed="1.159337"/>
</kw>
<kw name="Get Webelements" owner="AppiumLibrary">
<msg time="2024-05-26T14:26:50.448537" level="INFO">xpath criteria: //android.view.View[@content-desc="Selected"]</msg>
<msg time="2024-05-26T14:26:50.448933" level="INFO">@{songs} = [ &lt;appium.webdriver.webelement.WebElement (session="167664d4-34fe-46d6-89c6-1a333336a99e", element="00000000-0000-0d0b-0000-002000000004")&gt; | &lt;appium.webdriver.webelement.WebElement (session="167664d4...</msg>
<var>@{songs}</var>
<arg>//android.view.View[@content-desc="Selected"]</arg>
<doc>Returns list of [http://selenium-python.readthedocs.io/api.html#module-selenium.webdriver.remote.webelement|WebElement] objects matching ``locator``.</doc>
<status status="PASS" start="2024-05-26T14:26:49.652744" elapsed="0.796223"/>
</kw>
<kw name="Get Length" owner="BuiltIn">
<msg time="2024-05-26T14:26:50.449870" level="INFO">Length is 2.</msg>
<msg time="2024-05-26T14:26:50.449945" level="INFO">${songs_length} = 2</msg>
<var>${songs_length}</var>
<arg>${songs}</arg>
<doc>Returns and logs the length of the given item as an integer.</doc>
<status status="PASS" start="2024-05-26T14:26:50.449610" elapsed="0.000356"/>
</kw>
<kw name="Should Be Equal As Numbers" owner="BuiltIn">
<msg time="2024-05-26T14:26:50.450560" level="INFO">Argument types are:
&lt;class 'int'&gt;
&lt;class 'str'&gt;</msg>
<arg>${songs_length}</arg>
<arg>2</arg>
<doc>Fails if objects are unequal after converting them to real numbers.</doc>
<status status="PASS" start="2024-05-26T14:26:50.450372" elapsed="0.000290"/>
</kw>
<kw name="Wait and click">
<kw name="Wait Until Element Is Visible" owner="AppiumLibrary">
<msg time="2024-05-26T14:26:50.641334" level="INFO">xpath criteria: //android.widget.TextView[@text="Play"]</msg>
<arg>${locator}</arg>
<doc>Waits until element specified with `locator` is visible.</doc>
<status status="PASS" start="2024-05-26T14:26:50.451155" elapsed="0.190274"/>
</kw>
<kw name="Click Element" owner="AppiumLibrary">
<msg time="2024-05-26T14:26:50.643050" level="INFO">Clicking element '//android.widget.TextView[@text="Play"]'.</msg>
<msg time="2024-05-26T14:26:51.928192" level="INFO">xpath criteria: //android.widget.TextView[@text="Play"]</msg>
<arg>${locator}</arg>
<doc>Click element identified by `locator`.</doc>
<status status="PASS" start="2024-05-26T14:26:50.641605" elapsed="1.286712"/>
</kw>
<arg>//android.widget.TextView[@text="Play"]</arg>
<status status="PASS" start="2024-05-26T14:26:50.450875" elapsed="1.477566"/>
</kw>
<kw name="Sleep" owner="BuiltIn">
<msg time="2024-05-26T14:26:54.931193" level="INFO">Slept 3 seconds.</msg>
<arg>3</arg>
<doc>Pauses the test executed for the given time.</doc>
<status status="PASS" start="2024-05-26T14:26:51.928770" elapsed="3.002551"/>
</kw>
<kw name="Page Should Contain Element" owner="AppiumLibrary">
<msg time="2024-05-26T14:26:55.075760" level="INFO">Current page contains element '//android.widget.TextView[@text="Stop"]'.</msg>
<msg time="2024-05-26T14:26:55.075857" level="INFO">xpath criteria: //android.widget.TextView[@text="Stop"]</msg>
<arg>//android.widget.TextView[@text="Stop"]</arg>
<doc>Verifies that current page contains `locator` element.</doc>
<status status="PASS" start="2024-05-26T14:26:54.931569" elapsed="0.144375"/>
</kw>
<kw name="Wait and click">
<kw name="Wait Until Element Is Visible" owner="AppiumLibrary">
<msg time="2024-05-26T14:26:55.203018" level="INFO">xpath criteria: //android.widget.TextView[@text="Stop"]</msg>
<arg>${locator}</arg>
<doc>Waits until element specified with `locator` is visible.</doc>
<status status="PASS" start="2024-05-26T14:26:55.077649" elapsed="0.125489"/>
</kw>
<kw name="Click Element" owner="AppiumLibrary">
<msg time="2024-05-26T14:26:55.205802" level="INFO">Clicking element '//android.widget.TextView[@text="Stop"]'.</msg>
<msg time="2024-05-26T14:26:55.493732" level="INFO">xpath criteria: //android.widget.TextView[@text="Stop"]</msg>
<arg>${locator}</arg>
<doc>Click element identified by `locator`.</doc>
<status status="PASS" start="2024-05-26T14:26:55.203374" elapsed="0.290513"/>
</kw>
<arg>//android.widget.TextView[@text="Stop"]</arg>
<status status="PASS" start="2024-05-26T14:26:55.076583" elapsed="0.417517"/>
</kw>
<kw name="Page Should Contain Element" owner="AppiumLibrary">
<msg time="2024-05-26T14:26:55.596201" level="INFO">Current page contains element '//android.widget.TextView[@text="Play"]'.</msg>
<msg time="2024-05-26T14:26:55.596319" level="INFO">xpath criteria: //android.widget.TextView[@text="Play"]</msg>
<arg>//android.widget.TextView[@text="Play"]</arg>
<doc>Verifies that current page contains `locator` element.</doc>
<status status="PASS" start="2024-05-26T14:26:55.494439" elapsed="0.101930"/>
</kw>
<kw name="Wait and click">
<kw name="Wait Until Element Is Visible" owner="AppiumLibrary">
<msg time="2024-05-26T14:26:55.697812" level="INFO">xpath criteria: //android.widget.TextView[@text="test name"]</msg>
<arg>${locator}</arg>
<doc>Waits until element specified with `locator` is visible.</doc>
<status status="PASS" start="2024-05-26T14:26:55.597237" elapsed="0.100740"/>
</kw>
<kw name="Click Element" owner="AppiumLibrary">
<msg time="2024-05-26T14:26:55.700190" level="INFO">Clicking element '//android.widget.TextView[@text="test name"]'.</msg>
<msg time="2024-05-26T14:26:55.876699" level="INFO">xpath criteria: //android.widget.TextView[@text="test name"]</msg>
<arg>${locator}</arg>
<doc>Click element identified by `locator`.</doc>
<status status="PASS" start="2024-05-26T14:26:55.698182" elapsed="0.178603"/>
</kw>
<arg>//android.widget.TextView[@text="${song_name}"]</arg>
<status status="PASS" start="2024-05-26T14:26:55.596764" elapsed="0.280123"/>
</kw>
<kw name="Wait and click">
<kw name="Wait Until Element Is Visible" owner="AppiumLibrary">
<msg time="2024-05-26T14:26:55.959378" level="INFO">xpath criteria: //android.widget.TextView[@text="test name 2"]</msg>
<arg>${locator}</arg>
<doc>Waits until element specified with `locator` is visible.</doc>
<status status="PASS" start="2024-05-26T14:26:55.877921" elapsed="0.081549"/>
</kw>
<kw name="Click Element" owner="AppiumLibrary">
<msg time="2024-05-26T14:26:55.961102" level="INFO">Clicking element '//android.widget.TextView[@text="test name 2"]'.</msg>
<msg time="2024-05-26T14:26:56.056952" level="INFO">xpath criteria: //android.widget.TextView[@text="test name 2"]</msg>
<arg>${locator}</arg>
<doc>Click element identified by `locator`.</doc>
<status status="PASS" start="2024-05-26T14:26:55.959653" elapsed="0.097451"/>
</kw>
<arg>//android.widget.TextView[@text="${second_song_name}"]</arg>
<status status="PASS" start="2024-05-26T14:26:55.877457" elapsed="0.179804"/>
</kw>
<kw name="Page Should Not Contain Element" owner="AppiumLibrary">
<msg time="2024-05-26T14:26:56.110942" level="INFO">Current page not contains element '//android.view.View[@content-desc="Selected"]'.</msg>
<msg time="2024-05-26T14:26:56.111077" level="INFO">xpath criteria: //android.view.View[@content-desc="Selected"]</msg>
<arg>//android.view.View[@content-desc="Selected"]</arg>
<doc>Verifies that current page not contains `locator` element.</doc>
<status status="PASS" start="2024-05-26T14:26:56.057600" elapsed="0.053553"/>
</kw>
<kw name="Wait and click">
<kw name="Wait Until Element Is Visible" owner="AppiumLibrary">
<msg time="2024-05-26T14:26:56.180748" level="INFO">xpath criteria: //android.widget.TextView[@text="Play"]</msg>
<arg>${locator}</arg>
<doc>Waits until element specified with `locator` is visible.</doc>
<status status="PASS" start="2024-05-26T14:26:56.112092" elapsed="0.068893"/>
</kw>
<kw name="Click Element" owner="AppiumLibrary">
<msg time="2024-05-26T14:26:56.182695" level="INFO">Clicking element '//android.widget.TextView[@text="Play"]'.</msg>
<msg time="2024-05-26T14:26:56.293498" level="INFO">xpath criteria: //android.widget.TextView[@text="Play"]</msg>
<arg>${locator}</arg>
<doc>Click element identified by `locator`.</doc>
<status status="PASS" start="2024-05-26T14:26:56.181226" elapsed="0.112415"/>
</kw>
<arg>//android.widget.TextView[@text="Play"]</arg>
<status status="PASS" start="2024-05-26T14:26:56.111506" elapsed="0.182445"/>
</kw>
<kw name="Sleep" owner="BuiltIn">
<msg time="2024-05-26T14:26:59.296720" level="INFO">Slept 3 seconds.</msg>
<arg>3</arg>
<doc>Pauses the test executed for the given time.</doc>
<status status="PASS" start="2024-05-26T14:26:56.294415" elapsed="3.003199"/>
</kw>
<kw name="Page Should Contain Element" owner="AppiumLibrary">
<msg time="2024-05-26T14:26:59.385547" level="INFO">Current page contains element '//android.widget.TextView[@text="Stop"]'.</msg>
<msg time="2024-05-26T14:26:59.385660" level="INFO">xpath criteria: //android.widget.TextView[@text="Stop"]</msg>
<arg>//android.widget.TextView[@text="Stop"]</arg>
<doc>Verifies that current page contains `locator` element.</doc>
<status status="PASS" start="2024-05-26T14:26:59.298751" elapsed="0.086963"/>
</kw>
<kw name="Wait and click">
<kw name="Wait Until Element Is Visible" owner="AppiumLibrary">
<msg time="2024-05-26T14:26:59.488935" level="INFO">xpath criteria: //android.widget.TextView[@text="Stop"]</msg>
<arg>${locator}</arg>
<doc>Waits until element specified with `locator` is visible.</doc>
<status status="PASS" start="2024-05-26T14:26:59.386673" elapsed="0.102358"/>
</kw>
<kw name="Click Element" owner="AppiumLibrary">
<msg time="2024-05-26T14:26:59.490767" level="INFO">Clicking element '//android.widget.TextView[@text="Stop"]'.</msg>
<msg time="2024-05-26T14:26:59.649682" level="INFO">xpath criteria: //android.widget.TextView[@text="Stop"]</msg>
<arg>${locator}</arg>
<doc>Click element identified by `locator`.</doc>
<status status="PASS" start="2024-05-26T14:26:59.489215" elapsed="0.160556"/>
</kw>
<arg>//android.widget.TextView[@text="Stop"]</arg>
<status status="PASS" start="2024-05-26T14:26:59.386126" elapsed="0.263743"/>
</kw>
<kw name="Close Application" owner="AppiumLibrary" type="TEARDOWN">
<doc>Closes the current application and also close webdriver session.</doc>
<status status="PASS" start="2024-05-26T14:26:59.650474" elapsed="0.494110"/>
</kw>
<status status="PASS" start="2024-05-26T14:26:37.222391" elapsed="22.922378"/>
</test>
<test id="s1-t8" name="Powrót z ustawień" line="118">
<kw name="Setup" type="SETUP">
<kw name="Open Application" owner="AppiumLibrary">
<arg>http://localhost:4723/wd/hub</arg>
<arg>automationName=Appium</arg>
<arg>platformName=Android</arg>
<arg>noReset=${True}</arg>
<arg>app=/Users/adam/Desktop/studia/soundsAppTests/app.apk</arg>
<doc>Opens a new application to given Appium server.
Capabilities of appium server, Android and iOS,
Please check https://github.com/appium/appium/blob/master/docs/en/writing-running-appium/server-args.md
| *Option*            | *Man.* | *Description*     |
| remote_url          | Yes    | Appium server url |
| alias               | no     | alias             |
| strict_ssl          | No     | allows you to send commands to an invalid certificate host like a self-signed one. |</doc>
<status status="PASS" start="2024-05-26T14:27:00.146812" elapsed="9.234860"/>
</kw>
<status status="PASS" start="2024-05-26T14:27:00.146349" elapsed="9.237057"/>
</kw>
<kw name="Wait and click">
<kw name="Wait Until Element Is Visible" owner="AppiumLibrary">
<msg time="2024-05-26T14:27:10.653240" level="INFO">xpath criteria: //android.widget.TextView[@text="Settings"]</msg>
<arg>${locator}</arg>
<doc>Waits until element specified with `locator` is visible.</doc>
<status status="PASS" start="2024-05-26T14:27:09.386354" elapsed="1.266994"/>
</kw>
<kw name="Click Element" owner="AppiumLibrary">
<msg time="2024-05-26T14:27:10.655262" level="INFO">Clicking element '//android.widget.TextView[@text="Settings"]'.</msg>
<msg time="2024-05-26T14:27:11.629030" level="INFO">xpath criteria: //android.widget.TextView[@text="Settings"]</msg>
<arg>${locator}</arg>
<doc>Click element identified by `locator`.</doc>
<status status="PASS" start="2024-05-26T14:27:10.653654" elapsed="0.975544"/>
</kw>
<arg>//android.widget.TextView[@text="Settings"]</arg>
<status status="PASS" start="2024-05-26T14:27:09.385098" elapsed="2.244293"/>
</kw>
<kw name="Wait and click">
<kw name="Wait Until Element Is Visible" owner="AppiumLibrary">
<msg time="2024-05-26T14:27:11.881258" level="INFO">xpath criteria: //android.widget.SeekBar[@text="10.0"]</msg>
<arg>${locator}</arg>
<doc>Waits until element specified with `locator` is visible.</doc>
<status status="PASS" start="2024-05-26T14:27:11.630588" elapsed="0.250803"/>
</kw>
<kw name="Click Element" owner="AppiumLibrary">
<msg time="2024-05-26T14:27:11.884218" level="INFO">Clicking element '//android.widget.SeekBar[@text="10.0"]'.</msg>
<msg time="2024-05-26T14:27:12.144622" level="INFO">xpath criteria: //android.widget.SeekBar[@text="10.0"]</msg>
<arg>${locator}</arg>
<doc>Click element identified by `locator`.</doc>
<status status="PASS" start="2024-05-26T14:27:11.881639" elapsed="0.263078"/>
</kw>
<arg>//android.widget.SeekBar[@text="10.0"]</arg>
<status status="PASS" start="2024-05-26T14:27:11.630036" elapsed="0.514776"/>
</kw>
<kw name="Wait and click">
<kw name="Wait Until Element Is Visible" owner="AppiumLibrary">
<msg time="2024-05-26T14:27:12.290172" level="INFO">xpath criteria: //android.widget.TextView[@text="Back"]</msg>
<arg>${locator}</arg>
<doc>Waits until element specified with `locator` is visible.</doc>
<status status="PASS" start="2024-05-26T14:27:12.145402" elapsed="0.144880"/>
</kw>
<kw name="Click Element" owner="AppiumLibrary">
<msg time="2024-05-26T14:27:12.293075" level="INFO">Clicking element '//android.widget.TextView[@text="Back"]'.</msg>
<msg time="2024-05-26T14:27:12.474321" level="INFO">xpath criteria: //android.widget.TextView[@text="Back"]</msg>
<arg>${locator}</arg>
<doc>Click element identified by `locator`.</doc>
<status status="PASS" start="2024-05-26T14:27:12.290536" elapsed="0.183930"/>
</kw>
<arg>//android.widget.TextView[@text="Back"]</arg>
<status status="PASS" start="2024-05-26T14:27:12.145070" elapsed="0.329558"/>
</kw>
<kw name="Wait and click">
<kw name="Wait Until Element Is Visible" owner="AppiumLibrary">
<msg time="2024-05-26T14:27:12.828279" level="INFO">xpath criteria: //android.widget.TextView[@text="test name"]</msg>
<arg>${locator}</arg>
<doc>Waits until element specified with `locator` is visible.</doc>
<status status="PASS" start="2024-05-26T14:27:12.475748" elapsed="0.352619"/>
</kw>
<kw name="Click Element" owner="AppiumLibrary">
<msg time="2024-05-26T14:27:12.829943" level="INFO">Clicking element '//android.widget.TextView[@text="test name"]'.</msg>
<msg time="2024-05-26T14:27:13.040082" level="INFO">xpath criteria: //android.widget.TextView[@text="test name"]</msg>
<arg>${locator}</arg>
<doc>Click element identified by `locator`.</doc>
<status status="PASS" start="2024-05-26T14:27:12.828534" elapsed="0.211693"/>
</kw>
<arg>//android.widget.TextView[@text="${song_name}"]</arg>
<status status="PASS" start="2024-05-26T14:27:12.475036" elapsed="0.565373"/>
</kw>
<kw name="Wait and click">
<kw name="Wait Until Element Is Visible" owner="AppiumLibrary">
<msg time="2024-05-26T14:27:13.135966" level="INFO">xpath criteria: //android.widget.TextView[@text="Play"]</msg>
<arg>${locator}</arg>
<doc>Waits until element specified with `locator` is visible.</doc>
<status status="PASS" start="2024-05-26T14:27:13.041801" elapsed="0.094255"/>
</kw>
<kw name="Click Element" owner="AppiumLibrary">
<msg time="2024-05-26T14:27:13.137614" level="INFO">Clicking element '//android.widget.TextView[@text="Play"]'.</msg>
<msg time="2024-05-26T14:27:14.186671" level="INFO">xpath criteria: //android.widget.TextView[@text="Play"]</msg>
<arg>${locator}</arg>
<doc>Click element identified by `locator`.</doc>
<status status="PASS" start="2024-05-26T14:27:13.136224" elapsed="1.050613"/>
</kw>
<arg>//android.widget.TextView[@text="Play"]</arg>
<status status="PASS" start="2024-05-26T14:27:13.041069" elapsed="1.145935"/>
</kw>
<kw name="Sleep" owner="BuiltIn">
<msg time="2024-05-26T14:27:21.188490" level="INFO">Slept 7 seconds.</msg>
<arg>7</arg>
<doc>Pauses the test executed for the given time.</doc>
<status status="PASS" start="2024-05-26T14:27:14.187379" elapsed="7.001325"/>
</kw>
<kw name="Page Should Contain Element" owner="AppiumLibrary">
<msg time="2024-05-26T14:27:21.369223" level="INFO">Current page contains element '//android.widget.TextView[@text="Stop"]'.</msg>
<msg time="2024-05-26T14:27:21.369411" level="INFO">xpath criteria: //android.widget.TextView[@text="Stop"]</msg>
<arg>//android.widget.TextView[@text="Stop"]</arg>
<doc>Verifies that current page contains `locator` element.</doc>
<status status="PASS" start="2024-05-26T14:27:21.189145" elapsed="0.180349"/>
</kw>
<kw name="Close Application" owner="AppiumLibrary" type="TEARDOWN">
<doc>Closes the current application and also close webdriver session.</doc>
<status status="PASS" start="2024-05-26T14:27:21.370138" elapsed="0.447231"/>
</kw>
<status status="PASS" start="2024-05-26T14:27:00.145407" elapsed="21.672378"/>
</test>
<test id="s1-t9" name="Ustawienie timera" line="127">
<kw name="Setup" type="SETUP">
<kw name="Open Application" owner="AppiumLibrary">
<arg>http://localhost:4723/wd/hub</arg>
<arg>automationName=Appium</arg>
<arg>platformName=Android</arg>
<arg>noReset=${True}</arg>
<arg>app=/Users/adam/Desktop/studia/soundsAppTests/app.apk</arg>
<doc>Opens a new application to given Appium server.
Capabilities of appium server, Android and iOS,
Please check https://github.com/appium/appium/blob/master/docs/en/writing-running-appium/server-args.md
| *Option*            | *Man.* | *Description*     |
| remote_url          | Yes    | Appium server url |
| alias               | no     | alias             |
| strict_ssl          | No     | allows you to send commands to an invalid certificate host like a self-signed one. |</doc>
<status status="PASS" start="2024-05-26T14:27:21.819260" elapsed="9.121507"/>
</kw>
<status status="PASS" start="2024-05-26T14:27:21.818884" elapsed="9.122914"/>
</kw>
<kw name="Wait and click">
<kw name="Wait Until Element Is Visible" owner="AppiumLibrary">
<msg time="2024-05-26T14:27:31.949935" level="INFO">xpath criteria: //android.widget.TextView[@text="Settings"]</msg>
<arg>${locator}</arg>
<doc>Waits until element specified with `locator` is visible.</doc>
<status status="PASS" start="2024-05-26T14:27:30.944735" elapsed="1.005285"/>
</kw>
<kw name="Click Element" owner="AppiumLibrary">
<msg time="2024-05-26T14:27:31.951704" level="INFO">Clicking element '//android.widget.TextView[@text="Settings"]'.</msg>
<msg time="2024-05-26T14:27:33.063562" level="INFO">xpath criteria: //android.widget.TextView[@text="Settings"]</msg>
<arg>${locator}</arg>
<doc>Click element identified by `locator`.</doc>
<status status="PASS" start="2024-05-26T14:27:31.950202" elapsed="1.113593"/>
</kw>
<arg>//android.widget.TextView[@text="Settings"]</arg>
<status status="PASS" start="2024-05-26T14:27:30.943532" elapsed="2.122209"/>
</kw>
<kw name="Wait and click">
<kw name="Wait Until Element Is Visible" owner="AppiumLibrary">
<msg time="2024-05-26T14:27:33.347053" level="INFO">xpath criteria: //android.widget.SeekBar[@text="10.0"]</msg>
<arg>${locator}</arg>
<doc>Waits until element specified with `locator` is visible.</doc>
<status status="PASS" start="2024-05-26T14:27:33.066552" elapsed="0.280637"/>
</kw>
<kw name="Click Element" owner="AppiumLibrary">
<msg time="2024-05-26T14:27:33.349697" level="INFO">Clicking element '//android.widget.SeekBar[@text="10.0"]'.</msg>
<msg time="2024-05-26T14:27:33.610156" level="INFO">xpath criteria: //android.widget.SeekBar[@text="10.0"]</msg>
<arg>${locator}</arg>
<doc>Click element identified by `locator`.</doc>
<status status="PASS" start="2024-05-26T14:27:33.347467" elapsed="0.264077"/>
</kw>
<arg>//android.widget.SeekBar[@text="10.0"]</arg>
<status status="PASS" start="2024-05-26T14:27:33.066083" elapsed="0.546315"/>
</kw>
<kw name="Wait and click">
<kw name="Wait Until Element Is Visible" owner="AppiumLibrary">
<msg time="2024-05-26T14:27:33.798902" level="INFO">xpath criteria: //android.widget.TextView[@text="Save"]</msg>
<arg>${locator}</arg>
<doc>Waits until element specified with `locator` is visible.</doc>
<status status="PASS" start="2024-05-26T14:27:33.615104" elapsed="0.183890"/>
</kw>
<kw name="Click Element" owner="AppiumLibrary">
<msg time="2024-05-26T14:27:33.800786" level="INFO">Clicking element '//android.widget.TextView[@text="Save"]'.</msg>
<msg time="2024-05-26T14:27:34.023475" level="INFO">xpath criteria: //android.widget.TextView[@text="Save"]</msg>
<arg>${locator}</arg>
<doc>Click element identified by `locator`.</doc>
<status status="PASS" start="2024-05-26T14:27:33.799184" elapsed="0.224431"/>
</kw>
<arg>//android.widget.TextView[@text="Save"]</arg>
<status status="PASS" start="2024-05-26T14:27:33.613698" elapsed="0.410078"/>
</kw>
<kw name="Wait and click">
<kw name="Wait Until Element Is Visible" owner="AppiumLibrary">
<msg time="2024-05-26T14:27:34.401993" level="INFO">xpath criteria: //android.widget.TextView[@text="test name"]</msg>
<arg>${locator}</arg>
<doc>Waits until element specified with `locator` is visible.</doc>
<status status="PASS" start="2024-05-26T14:27:34.024876" elapsed="0.377235"/>
</kw>
<kw name="Click Element" owner="AppiumLibrary">
<msg time="2024-05-26T14:27:34.404534" level="INFO">Clicking element '//android.widget.TextView[@text="test name"]'.</msg>
<msg time="2024-05-26T14:27:34.621811" level="INFO">xpath criteria: //android.widget.TextView[@text="test name"]</msg>
<arg>${locator}</arg>
<doc>Click element identified by `locator`.</doc>
<status status="PASS" start="2024-05-26T14:27:34.402339" elapsed="0.219617"/>
</kw>
<arg>//android.widget.TextView[@text="${song_name}"]</arg>
<status status="PASS" start="2024-05-26T14:27:34.024180" elapsed="0.597883"/>
</kw>
<kw name="Wait and click">
<kw name="Wait Until Element Is Visible" owner="AppiumLibrary">
<msg time="2024-05-26T14:27:34.727376" level="INFO">xpath criteria: //android.widget.TextView[@text="Play"]</msg>
<arg>${locator}</arg>
<doc>Waits until element specified with `locator` is visible.</doc>
<status status="PASS" start="2024-05-26T14:27:34.622733" elapsed="0.104734"/>
</kw>
<kw name="Click Element" owner="AppiumLibrary">
<msg time="2024-05-26T14:27:34.729040" level="INFO">Clicking element '//android.widget.TextView[@text="Play"]'.</msg>
<msg time="2024-05-26T14:27:35.326459" level="INFO">xpath criteria: //android.widget.TextView[@text="Play"]</msg>
<arg>${locator}</arg>
<doc>Click element identified by `locator`.</doc>
<status status="PASS" start="2024-05-26T14:27:34.727634" elapsed="0.598967"/>
</kw>
<arg>//android.widget.TextView[@text="Play"]</arg>
<status status="PASS" start="2024-05-26T14:27:34.622352" elapsed="0.704381"/>
</kw>
<kw name="Sleep" owner="BuiltIn">
<msg time="2024-05-26T14:27:42.329272" level="INFO">Slept 7 seconds.</msg>
<arg>7</arg>
<doc>Pauses the test executed for the given time.</doc>
<status status="PASS" start="2024-05-26T14:27:35.326989" elapsed="7.004271"/>
</kw>
<kw name="Page Should Not Contain Element" owner="AppiumLibrary">
<msg time="2024-05-26T14:27:42.706551" level="INFO">&lt;?xml version='1.0' encoding='UTF-8' standalone='yes' ?&gt;
&lt;hierarchy index="0" class="hierarchy" rotation="0" width="1080" height="2134"&gt;
  &lt;android.widget.FrameLayout index="0" package="com.plcoding.typesafecomposenavigation" class="android.widget.FrameLayout" text="" checkable="false" checked="false" clickable="false" enabled="true" focusable="false" focused="false" long-clickable="false" password="false" scrollable="false" selected="false" bounds="[0,0][1080,2134]" displayed="true"&gt;
    &lt;android.widget.LinearLayout index="0" package="com.plcoding.typesafecomposenavigation" class="android.widget.LinearLayout" text="" checkable="false" checked="false" clickable="false" enabled="true" focusable="false" focused="false" long-clickable="false" password="false" scrollable="false" selected="false" bounds="[0,0][1080,2134]" displayed="true"&gt;
      &lt;android.widget.FrameLayout index="0" package="com.plcoding.typesafecomposenavigation" class="android.widget.FrameLayout" text="" resource-id="android:id/content" checkable="false" checked="false" clickable="false" enabled="true" focusable="false" focused="false" long-clickable="false" password="false" scrollable="false" selected="false" bounds="[0,0][1080,2134]" displayed="true"&gt;
        &lt;androidx.compose.ui.platform.ComposeView index="0" package="com.plcoding.typesafecomposenavigation" class="androidx.compose.ui.platform.ComposeView" text="" checkable="false" checked="false" clickable="false" enabled="true" focusable="false" focused="false" long-clickable="false" password="false" scrollable="false" selected="false" bounds="[0,0][1080,2134]" displayed="true"&gt;
          &lt;android.view.View index="0" package="com.plcoding.typesafecomposenavigation" class="android.view.View" text="" checkable="false" checked="false" clickable="false" enabled="true" focusable="false" focused="false" long-clickable="false" password="false" scrollable="false" selected="false" bounds="[0,0][1080,2134]" displayed="true"&gt;
            &lt;android.view.View index="0" package="com.plcoding.typesafecomposenavigation" class="android.view.View" text="" checkable="false" checked="false" clickable="false" enabled="true" focusable="false" focused="false" long-clickable="false" password="false" scrollable="false" selected="false" bounds="[0,0][1080,2134]" displayed="true"&gt;
              &lt;android.view.View index="0" package="com.plcoding.typesafecomposenavigation" class="android.view.View" text="" checkable="false" checked="false" clickable="false" enabled="true" focusable="false" focused="false" long-clickable="false" password="false" scrollable="false" selected="false" bounds="[0,66][1080,2134]" displayed="true"&gt;
                &lt;android.view.View index="0" package="com.plcoding.typesafecomposenavigation" class="android.view.View" text="" checkable="false" checked="false" clickable="true" enabled="true" focusable="true" focused="false" long-clickable="false" password="false" scrollable="false" selected="false" bounds="[0,66][1080,292]" displayed="true"&gt;
                  &lt;android.view.View index="0" package="com.plcoding.typesafecomposenavigation" class="android.view.View" text="" content-desc="Image" checkable="false" checked="false" clickable="false" enabled="true" focusable="false" focused="false" long-clickable="false" password="false" scrollable="false" selected="false" bounds="[44,110][182,248]" displayed="true" /&gt;
                  &lt;android.widget.TextView index="1" package="com.plcoding.typesafecomposenavigation" class="android.widget.TextView" text="test name" checkable="false" checked="false" clickable="false" enabled="true" focusable="false" focused="false" long-clickable="false" password="false" scrollable="false" selected="false" bounds="[448,110][749,195]" displayed="true" /&gt;
                  &lt;android.view.View index="2" package="com.plcoding.typesafecomposenavigation" class="android.view.View" text="" content-desc="Selected" checkable="false" checked="false" clickable="false" enabled="true" focusable="false" focused="false" long-clickable="false" password="false" scrollable="false" selected="false" bounds="[970,110][1036,176]" displayed="true" /&gt;
                &lt;/android.view.View&gt;
                &lt;android.view.View index="1" package="com.plcoding.typesafecomposenavigation" class="android.view.View" text="" checkable="false" checked="false" clickable="true" enabled="true" focusable="true" focused="false" long-clickable="false" password="false" scrollable="false" selected="false" bounds="[0,292][1080,518]" displayed="true"&gt;
                  &lt;android.view.View index="0" package="com.plcoding.typesafecomposenavigation" class="android.view.View" text="" content-desc="Image" checkable="false" checked="false" clickable="false" enabled="true" focusable="false" focused="false" long-clickable="false" password="false" scrollable="false" selected="false" bounds="[44,336][182,474]" displayed="true" /&gt;
                  &lt;android.widget.TextView index="1" package="com.plcoding.typesafecomposenavigation" class="android.widget.TextView" text="test name 2" checkable="false" checked="false" clickable="false" enabled="true" focusable="false" focused="false" long-clickable="false" password="false" scrollable="false" selected="false" bounds="[420,336][776,421]" displayed="true" /&gt;
                &lt;/android.view.View&gt;
              &lt;/android.view.View&gt;
              &lt;android.view.View index="1" package="com.plcoding.typesafecomposenavigation" class="android.view.View" text="" checkable="false" checked="false" clickable="true" enabled="true" focusable="true" focused="false" long-clickable="false" password="false" scrollable="false" selected="false" bounds="[44,2077][287,2134]" displayed="true"&gt;
                &lt;android.widget.TextView index="0" package="com.plcoding.typesafecomposenavigation" class="android.widget.TextView" text="Add" checkable="false" checked="false" clickable="false" enabled="true" focusable="false" focused="false" long-clickable="false" password="false" scrollable="false" selected="false" bounds="[110,2102][221,2134]" displayed="true" /&gt;
                &lt;android.widget.Button index="1" package="com.plcoding.typesafecomposenavigation" class="android.widget.Button" text="" checkable="false" checked="false" clickable="false" enabled="true" focusable="false" focused="false" long-clickable="false" password="false" scrollable="false" selected="false" bounds="[44,2080][287,2134]" displayed="true" /&gt;
              &lt;/android.view.View&gt;
              &lt;android.view.View index="2" package="com.plcoding.typesafecomposenavigation" class="android.view.View" text="" checkable="false" checked="false" clickable="true" enabled="true" focusable="true" focused="false" long-clickable="false" password="false" scrollable="false" selected="false" bounds="[354,2077][712,2134]" displayed="true"&gt;
                &lt;android.widget.TextView index="0" package="com.plcoding.typesafecomposenavigation" class="android.widget.TextView" text="Settings" checkable="false" checked="false" clickable="false" enabled="true" focusable="false" focused="false" long-clickable="false" password="false" scrollable="false" selected="false" bounds="[420,2102][646,2134]" displayed="true" /&gt;
                &lt;android.widget.Button index="1" package="com.plcoding.typesafecomposenavigation" class="android.widget.Button" text="" checkable="false" checked="false" clickable="false" enabled="true" focusable="false" focused="false" long-clickable="false" password="false" scrollable="false" selected="false" bounds="[354,2080][712,2134]" displayed="true" /&gt;
              &lt;/android.view.View&gt;
              &lt;android.view.View index="3" package="com.plcoding.typesafecomposenavigation" class="android.view.View" text="" checkable="false" checked="false" clickable="true" enabled="true" focusable="true" focused="false" long-clickable="false" password="false" scrollable="false" selected="false" bounds="[778,2077][1036,2134]" displayed="true"&gt;
                &lt;android.widget.TextView index="0" package="com.plcoding.typesafecomposenavigation" class="android.widget.TextView" text="Stop" checkable="false" checked="false" clickable="false" enabled="true" focusable="false" focused="false" long-clickable="false" password="false" scrollable="false" selected="false" bounds="[844,2102][970,2134]" displayed="true" /&gt;
                &lt;android.widget.Button index="1" package="com.plcoding.typesafecomposenavigation" class="android.widget.Button" text="" checkable="false" checked="false" clickable="false" enabled="true" focusable="false" focused="false" long-clickable="false" password="false" scrollable="false" selected="false" bounds="[778,2080][1036,2134]" displayed="true" /&gt;
              &lt;/android.view.View&gt;
            &lt;/android.view.View&gt;
          &lt;/android.view.View&gt;
        &lt;/androidx.compose.ui.platform.ComposeView&gt;
      &lt;/android.widget.FrameLayout&gt;
    &lt;/android.widget.LinearLayout&gt;
  &lt;/android.widget.FrameLayout&gt;
&lt;/hierarchy&gt;</msg>
<kw name="Capture Page Screenshot" owner="AppiumLibrary">
<msg time="2024-05-26T14:27:43.484130" level="INFO" html="true">&lt;/td&gt;&lt;/tr&gt;&lt;tr&gt;&lt;td colspan="3"&gt;&lt;img src="data:image/png;base64, iVBORw0KGgoAAAANSUhEUgAABDgAAAkkCAYAAAD508+vAAAAAXNSR0IArs4c6QAAAARzQklUCAgI
CHwIZIgAACAASURBVHic7N15XFTl/gfwz+zDMuwIMuCegisuoCmUAppmJlC5lNttF7Rb99ctl7pL
N9NudSsV26zMLTMFrNTKJXNJAZc0F0gFt8EFkGUGhtl/fxAjwybLjDj5eb9evXLOzDnnGUCZ8znP
8/0KfPw8LCAiIiIiIiIicmLCth4AEREREREREVFrMeAgIiIiIiIiIqfHgIOIiIiIiIiInB4DDiIi
IiIiIiJyegw4iIiIiIiIiMjpMeAgIiIiIiIiIqfHgIOIiIiIiIiInB4DDiIiIiIiIiJyegw4iIiI
iIiIiMjpMeAgIiIiIiIiIqfHgIOIiIiIiIiInB4DDiIiIiIiIiJyegw4iIiIiIiIiMjpMeAgIiIi
IiIiIqfHgIOIiIiIiIiInB4DDiIiIiIiIiJyegw4iIiIiIiIiMjpMeAgIiIiIiIiIqfHgIOIiIiI
iIiInB4DDiIiIiIiIiJyegw4iIiIiIiIiMjpMeAgIiIiIiIiIqfHgIOIiIiIiIiInB4DDiIiIiIi
IiJyegw4iIiIiIiIiMjpMeAgIiIiIiIiIqfHgIOIiIiIiIiInB4DDrrtBAUFtfUQGiSTyXHvvcMR
Ht4frq6udjmmq6srwsP74957h0Mmk9vlmERERERERHcacVsPgO5sMqkMPUJD0aVzFyiVwQCqAo78
/HwAgEp1Cbl5ucjJzoZOr6uz/7BhUQgL64nCggJs3bql3tfYS3T0PXjwgfHo2asXKrWVeG/x/7B/
[...]
4/J67s2yzeWymp+ba0XXAADADkLAAWD7rBvNIUnlckmp1LJuT/5bH370ob7//qoqlcrDPwNAU5TK
JU3PTDfsGzkwUv9/oZBXIjHV9FEcqVRKU1OTKhTyD+yXJCWnkyqVSxtPBQAAuwwBB4BtZzZMW8nn
81paXNSNG9d17tz7un37363uIrDrOY6rycnJ1Xu15sCBEXXt7ZJUq9ORzeV07Yfvm9qvaz98r2wu
J9epTT/p2tulZ545UG+3LEuTk5NyHKanAACw2xFwAGia9dNWHNdROpPWnbk5ff31JX184V8tm98P
oDbOKplM3jd97KUTL9cPKBYLmp2Z0c2bN5rSp5s3b2h2ZkbFYmFtIJheOvFyQwizspJSMpmU+Y3P
AAAAuwcBB4Dm2jBtpVIpK7WS0tTUlD786LwuX/mOoeZAK6wGGFevXm0oNjoYH9TAwEBtw5XSmbR+
vP7jthcMnp5O6sfrPyqdSWutdujAwEDD6i6WZenK1SsNAQgAANi9CDgAtMTGaSvFYkHLd+/qp59u
6oMP3tf4xK1WdxHYdVxXGp8Y19yGgp2nT59RIBCQTG1FlUw6rW++/WbbQo7p6aS++fYbZdLp2sop
RgoEAjp9+kzDcXNzc5qYmJDL7BQAACACDgAttnHaSiaT0fz8vL779lt9+NF5LSwutLiHwO5hjFQq
FXXl6uWGURwRO6KzZ9+SZVkyxqhcKevu0pK++PKLLZ+ucvPmDX3x5Re6u7SkcqUsY4wsy9LZs28p
Ykfqx9VGb1xWqVSUYfQGAACQ5AmFA//T6k4A2OVWR3OsBR2u66hUKimXy2t6OqlsNqN9+/bJ6/U+
9GNu/nRD+Xz+occA+M+ymayi0aj2rhYYlaRIJKpQKKSpqUkZGVWdam1lpOVlLS0tqbNzj4LB4GNf
M5VK6ZtvvtbExLjS6RVVqpXa7wQjnTx5Sr8bfqbh+PHxW/rhh2tyHKehJgeAhwsGgxoeHpbP52/J
9XO5rG7d+kWFQqEl1wfwdCPgALBzNNTncFWtVlQsFrSysqJEIiFJ2te17zcfZgg4gCdnTC28mJmd
VSwWVzgcrrd1d/coHA4rmUzIdWthZLFUVCaTViKRUCabUcSObCroSKVSuvbD97py9YrmF+aUzWXl
OI4kI4/H0smTp/Tc4SMN5ywsLOjjCx+rWCoSbgCbZBlLuXxO3d3dTQ85crmsvrv8nZYWayO0AGCr
ma7uDmauAtiR3HUT6z2WR7Zta29Xl44fH1Vfb1/DsY7j6G//9xctLi42u5vAU6d267nau2ev/vzn
/1YwGGpon70zo/Pnz6lYKMpdrQBqGUvBUFCBQFAR21Zff7+693UrHLYVDofk9wdUKhWVy+WVz+c0
vzCvO7OzymSzKhYLKuQLclxHUm3aWiAY0JtvntVAf6zh2vl8Tu+993fdXb5bO5J8A9gko1AopEAg
0PSAsFZzq7j6MoJHEABbj4ADwM7mqv4AJUl+f0C2bSsei2t0dFShUO3t8tTUpL786kutrLDULLAV
XNeVMUb7h/brjTfOyuPxNLRnshl98snHmpmZaQgjJcnj8crv98nr8cryeOq1O1zXleM4cqpVVaoV
lUplVauVhnONMRoYGNDp02cUiUQanoGq1ao++OCfmp6ZrvcPwOZtvGebjXsXwHYh4ADQFtbeKEu1
L0ahUEi2HVFfb58sj6VkMqlUarm24gKAJ7caLhpjFBuI6cyZP9YDxTojJRMJfXXpK91dWmoIIzfL
yGhvV5dePvGy4oOD973czedz+uyzTzU5NVkLN1brcwDYvPV/U5uPkVcAtg8BB4C2sv5LmWUs+fy1
+cPlckmu4/LAA2yhtfvNGKPOzj068/of1dPT0/j2d/Wemxgf1/jEuJLJhCqVqh7t4cnI6/UoHh/U
yIERHRgZWb1w41G1mhv/Uiq1vHptHpCALeE2/LNtzH3/AYDtQcABoP1smLayhiGvwNZbHyqGQiG9
+spJPfvswdVCoOus3n7VSkXJZFLJZEKZbFa5XE65XFaFQkHBYHC1JkdYEdtWPD6oeDwuz9oKSRtu
a8uydOvWL7r4xefrVlwg3AAAAA9GwAGgfbn3nod44AG2z/qQw+v1aXBwUGNjL6i3p/c3g47NXaBx
07Iszc3P6cqVy0okEqrUV1sg3AAAAL+NgAMAAPxHG+fs+/0BjRwY0ejoqDo6Ou8POtZbH0o85FuH
ZVlaWUnp6tWrGp8YV6lUbPgQwg0AAPAwBBwAAODRbJgeZoxRIBBUPB7X8PCwBvoHZNuRh4cdG1iW
pVwuq+R0UpOTk0omkyoWCw11PigoCgAAHgUBBwAA2JQHrcCwVvS3t6dHQ0P71dnZqUgkqmAoKL/P
L4/Ho2q1qnKlrEK+oHR6RalUSlNTk5qbn1e5VJLjbgxGGLUBAAAeHQEHAAB4LA2rqaxjjJExlrxe
r4wxsiwjY4xc15XjuHJdV5VKRa7rPPQzAAAANsPb6g4AAID2tBZCbBzR4bquXLeqUqm62U9kxAYA
AHhsBBwAAOCJ1EIJs25lo80MDjVaOx0AAOBJEHAAAICtUa8FuiGtcBuPAQAA2A4EHAAAYHsRagAA
gCawWt0BAAAAAACAJ0XAAQAAAAAA2h4BBwAAAAAAaHsEHAAAAAAAoO0RcAAAAAAAgLZHwAEAAAAA
ANoeAQcAAAAAAGh7BBwAAAAAAKDtEXAAAAAAAIC2R8ABAAAAAADaHgEHAAAAAABoewQcAAAAAACg
7RFwAAAAAACAtkfAAQAAAAAA2h4BBwAAAAAAaHsEHAAAAAAAoO0RcAAAAAAAgLZHwAEAAAAAANoe
AQcAAAAAAGh7BBwAAAAAAKDtEXAAAAAAAIC2R8ABAAAAAADaHgEHAAAAAABoewQcAAAAAACg7RFw
AAAAAACAtkfAAQAAAAAA2h4BBwAAAAAAaHsEHAAAAAAAoO0RcAAAAAAAgLZHwAEAAAAAANoeAQcA
AAAAAGh7BBwAAAAAAKDtEXAAAAAAAIC2R8ABAAAAAADaHgEHAAAAAABoe/8PCN7WdrfKv+kAAAAA
SUVORK5CYII=
" width="800px"&gt;</msg>
<doc>Takes a screenshot of the current page and embeds it into the log.</doc>
<status status="PASS" start="2024-05-26T14:27:42.707967" elapsed="0.778106"/>
</kw>
<msg time="2024-05-26T14:27:43.486196" level="INFO">xpath criteria: //android.widget.TextView[@text="Stop"]</msg>
<msg time="2024-05-26T14:27:43.486405" level="FAIL">Page should not have contained element '//android.widget.TextView[@text="Stop"]'</msg>
<arg>//android.widget.TextView[@text="Stop"]</arg>
<doc>Verifies that current page not contains `locator` element.</doc>
<status status="FAIL" start="2024-05-26T14:27:42.333652" elapsed="1.156147">Page should not have contained element '//android.widget.TextView[@text="Stop"]'</status>
</kw>
<kw name="Close Application" owner="AppiumLibrary" type="TEARDOWN">
<doc>Closes the current application and also close webdriver session.</doc>
<status status="PASS" start="2024-05-26T14:27:43.490763" elapsed="0.526022"/>
</kw>
<status status="FAIL" start="2024-05-26T14:27:21.818266" elapsed="22.198605">Page should not have contained element '//android.widget.TextView[@text="Stop"]'</status>
</test>
<test id="s1-t10" name="Ustawienie głośności" line="136">
<kw name="Setup" type="SETUP">
<kw name="Open Application" owner="AppiumLibrary">
<arg>http://localhost:4723/wd/hub</arg>
<arg>automationName=Appium</arg>
<arg>platformName=Android</arg>
<arg>noReset=${True}</arg>
<arg>app=/Users/adam/Desktop/studia/soundsAppTests/app.apk</arg>
<doc>Opens a new application to given Appium server.
Capabilities of appium server, Android and iOS,
Please check https://github.com/appium/appium/blob/master/docs/en/writing-running-appium/server-args.md
| *Option*            | *Man.* | *Description*     |
| remote_url          | Yes    | Appium server url |
| alias               | no     | alias             |
| strict_ssl          | No     | allows you to send commands to an invalid certificate host like a self-signed one. |</doc>
<status status="PASS" start="2024-05-26T14:27:44.017822" elapsed="9.218329"/>
</kw>
<status status="PASS" start="2024-05-26T14:27:44.017484" elapsed="9.219534"/>
</kw>
<kw name="Wait and click">
<kw name="Wait Until Element Is Visible" owner="AppiumLibrary">
<msg time="2024-05-26T14:27:54.262878" level="INFO">xpath criteria: //android.widget.TextView[@text="Settings"]</msg>
<arg>${locator}</arg>
<doc>Waits until element specified with `locator` is visible.</doc>
<status status="PASS" start="2024-05-26T14:27:53.238792" elapsed="1.024177"/>
</kw>
<kw name="Click Element" owner="AppiumLibrary">
<msg time="2024-05-26T14:27:54.265317" level="INFO">Clicking element '//android.widget.TextView[@text="Settings"]'.</msg>
<msg time="2024-05-26T14:27:55.457622" level="INFO">xpath criteria: //android.widget.TextView[@text="Settings"]</msg>
<arg>${locator}</arg>
<doc>Click element identified by `locator`.</doc>
<status status="PASS" start="2024-05-26T14:27:54.263157" elapsed="1.194712"/>
</kw>
<arg>//android.widget.TextView[@text="Settings"]</arg>
<status status="PASS" start="2024-05-26T14:27:53.238097" elapsed="2.219998"/>
</kw>
<kw name="Wait and click">
<kw name="Wait Until Element Is Visible" owner="AppiumLibrary">
<msg time="2024-05-26T14:27:55.732257" level="INFO">xpath criteria: //android.widget.SeekBar[@text="1.0"]</msg>
<arg>${locator}</arg>
<doc>Waits until element specified with `locator` is visible.</doc>
<status status="PASS" start="2024-05-26T14:27:55.459318" elapsed="0.273032"/>
</kw>
<kw name="Click Element" owner="AppiumLibrary">
<msg time="2024-05-26T14:27:55.734039" level="INFO">Clicking element '//android.widget.SeekBar[@text="1.0"]'.</msg>
<msg time="2024-05-26T14:27:55.990128" level="INFO">xpath criteria: //android.widget.SeekBar[@text="1.0"]</msg>
<arg>${locator}</arg>
<doc>Click element identified by `locator`.</doc>
<status status="PASS" start="2024-05-26T14:27:55.732527" elapsed="0.257763"/>
</kw>
<arg>//android.widget.SeekBar[@text="1.0"]</arg>
<status status="PASS" start="2024-05-26T14:27:55.458655" elapsed="0.531810"/>
</kw>
<kw name="Wait and click">
<kw name="Wait Until Element Is Visible" owner="AppiumLibrary">
<msg time="2024-05-26T14:27:56.186069" level="INFO">xpath criteria: //android.widget.TextView[@text="Save"]</msg>
<arg>${locator}</arg>
<doc>Waits until element specified with `locator` is visible.</doc>
<status status="PASS" start="2024-05-26T14:27:55.991532" elapsed="0.194701"/>
</kw>
<kw name="Click Element" owner="AppiumLibrary">
<msg time="2024-05-26T14:27:56.189479" level="INFO">Clicking element '//android.widget.TextView[@text="Save"]'.</msg>
<msg time="2024-05-26T14:27:56.399676" level="INFO">xpath criteria: //android.widget.TextView[@text="Save"]</msg>
<arg>${locator}</arg>
<doc>Click element identified by `locator`.</doc>
<status status="PASS" start="2024-05-26T14:27:56.186513" elapsed="0.213250"/>
</kw>
<arg>//android.widget.TextView[@text="Save"]</arg>
<status status="PASS" start="2024-05-26T14:27:55.990913" elapsed="0.408939"/>
</kw>
<kw name="Wait and click">
<kw name="Wait Until Element Is Visible" owner="AppiumLibrary">
<msg time="2024-05-26T14:27:56.962052" level="INFO">xpath criteria: //android.widget.TextView[@text="test name"]
xpath criteria: //android.widget.TextView[@text="test name"]</msg>
<arg>${locator}</arg>
<doc>Waits until element specified with `locator` is visible.</doc>
<status status="PASS" start="2024-05-26T14:27:56.400504" elapsed="0.561645"/>
</kw>
<kw name="Click Element" owner="AppiumLibrary">
<msg time="2024-05-26T14:27:56.963937" level="INFO">Clicking element '//android.widget.TextView[@text="test name"]'.</msg>
<msg time="2024-05-26T14:27:57.115013" level="INFO">xpath criteria: //android.widget.TextView[@text="test name"]</msg>
<arg>${locator}</arg>
<doc>Click element identified by `locator`.</doc>
<status status="PASS" start="2024-05-26T14:27:56.962328" elapsed="0.152777"/>
</kw>
<arg>//android.widget.TextView[@text="${song_name}"]</arg>
<status status="PASS" start="2024-05-26T14:27:56.400104" elapsed="0.715131"/>
</kw>
<kw name="Wait and click">
<kw name="Wait Until Element Is Visible" owner="AppiumLibrary">
<msg time="2024-05-26T14:27:57.204002" level="INFO">xpath criteria: //android.widget.TextView[@text="Play"]</msg>
<arg>${locator}</arg>
<doc>Waits until element specified with `locator` is visible.</doc>
<status status="PASS" start="2024-05-26T14:27:57.115809" elapsed="0.088284"/>
</kw>
<kw name="Click Element" owner="AppiumLibrary">
<msg time="2024-05-26T14:27:57.206314" level="INFO">Clicking element '//android.widget.TextView[@text="Play"]'.</msg>
<msg time="2024-05-26T14:27:57.884524" level="INFO">xpath criteria: //android.widget.TextView[@text="Play"]</msg>
<arg>${locator}</arg>
<doc>Click element identified by `locator`.</doc>
<status status="PASS" start="2024-05-26T14:27:57.204262" elapsed="0.680506"/>
</kw>
<arg>//android.widget.TextView[@text="Play"]</arg>
<status status="PASS" start="2024-05-26T14:27:57.115489" elapsed="0.769523"/>
</kw>
<kw name="Sleep" owner="BuiltIn">
<msg time="2024-05-26T14:27:59.887895" level="INFO">Slept 2 seconds.</msg>
<arg>2</arg>
<doc>Pauses the test executed for the given time.</doc>
<status status="PASS" start="2024-05-26T14:27:57.885548" elapsed="2.003257"/>
</kw>
<kw name="Close Application" owner="AppiumLibrary" type="TEARDOWN">
<doc>Closes the current application and also close webdriver session.</doc>
<status status="PASS" start="2024-05-26T14:27:59.890556" elapsed="0.541287"/>
</kw>
<status status="PASS" start="2024-05-26T14:27:44.017000" elapsed="16.415013"/>
</test>
<test id="s1-t11" name="Włączenie tutorialu" line="144">
<kw name="Setup" type="SETUP">
<kw name="Open Application" owner="AppiumLibrary">
<arg>http://localhost:4723/wd/hub</arg>
<arg>automationName=Appium</arg>
<arg>platformName=Android</arg>
<arg>noReset=${True}</arg>
<arg>app=/Users/adam/Desktop/studia/soundsAppTests/app.apk</arg>
<doc>Opens a new application to given Appium server.
Capabilities of appium server, Android and iOS,
Please check https://github.com/appium/appium/blob/master/docs/en/writing-running-appium/server-args.md
| *Option*            | *Man.* | *Description*     |
| remote_url          | Yes    | Appium server url |
| alias               | no     | alias             |
| strict_ssl          | No     | allows you to send commands to an invalid certificate host like a self-signed one. |</doc>
<status status="PASS" start="2024-05-26T14:28:00.434700" elapsed="9.176981"/>
</kw>
<status status="PASS" start="2024-05-26T14:28:00.434242" elapsed="9.178042"/>
</kw>
<kw name="Wait and click">
<kw name="Wait Until Element Is Visible" owner="AppiumLibrary">
<msg time="2024-05-26T14:28:11.056422" level="INFO">xpath criteria: //android.widget.TextView[@text="Settings"]</msg>
<arg>${locator}</arg>
<doc>Waits until element specified with `locator` is visible.</doc>
<status status="PASS" start="2024-05-26T14:28:09.613191" elapsed="1.443408"/>
</kw>
<kw name="Click Element" owner="AppiumLibrary">
<msg time="2024-05-26T14:28:11.060412" level="INFO">Clicking element '//android.widget.TextView[@text="Settings"]'.</msg>
<msg time="2024-05-26T14:28:12.289122" level="INFO">xpath criteria: //android.widget.TextView[@text="Settings"]</msg>
<arg>${locator}</arg>
<doc>Click element identified by `locator`.</doc>
<status status="PASS" start="2024-05-26T14:28:11.056961" elapsed="1.232329"/>
</kw>
<arg>//android.widget.TextView[@text="Settings"]</arg>
<status status="PASS" start="2024-05-26T14:28:09.612701" elapsed="2.676758"/>
</kw>
<kw name="Wait and click">
<kw name="Wait Until Element Is Visible" owner="AppiumLibrary">
<msg time="2024-05-26T14:28:12.582010" level="INFO">xpath criteria: //android.widget.TextView[@text="Play Tutorial"]</msg>
<arg>${locator}</arg>
<doc>Waits until element specified with `locator` is visible.</doc>
<status status="PASS" start="2024-05-26T14:28:12.290540" elapsed="0.291557"/>
</kw>
<kw name="Click Element" owner="AppiumLibrary">
<msg time="2024-05-26T14:28:12.583682" level="INFO">Clicking element '//android.widget.TextView[@text="Play Tutorial"]'.</msg>
<msg time="2024-05-26T14:28:12.836253" level="INFO">xpath criteria: //android.widget.TextView[@text="Play Tutorial"]</msg>
<arg>${locator}</arg>
<doc>Click element identified by `locator`.</doc>
<status status="PASS" start="2024-05-26T14:28:12.582270" elapsed="0.254070"/>
</kw>
<arg>//android.widget.TextView[@text="Play Tutorial"]</arg>
<status status="PASS" start="2024-05-26T14:28:12.289970" elapsed="0.546461"/>
</kw>
<kw name="Sleep" owner="BuiltIn">
<msg time="2024-05-26T14:28:13.839004" level="INFO">Slept 1 second.</msg>
<arg>1</arg>
<doc>Pauses the test executed for the given time.</doc>
<status status="PASS" start="2024-05-26T14:28:12.836659" elapsed="1.002531"/>
</kw>
<kw name="Page Should Contain Element" owner="AppiumLibrary">
<msg time="2024-05-26T14:28:14.019786" level="INFO">Current page contains element '//android.widget.VideoView'.</msg>
<msg time="2024-05-26T14:28:14.019952" level="INFO">xpath criteria: //android.widget.VideoView</msg>
<arg>//android.widget.VideoView</arg>
<doc>Verifies that current page contains `locator` element.</doc>
<status status="PASS" start="2024-05-26T14:28:13.839656" elapsed="0.180395"/>
</kw>
<kw name="Wait and click">
<kw name="Wait Until Element Is Visible" owner="AppiumLibrary">
<msg time="2024-05-26T14:28:14.186510" level="INFO">xpath criteria: //android.widget.TextView[@text="Back"]</msg>
<arg>${locator}</arg>
<doc>Waits until element specified with `locator` is visible.</doc>
<status status="PASS" start="2024-05-26T14:28:14.021174" elapsed="0.165421"/>
</kw>
<kw name="Click Element" owner="AppiumLibrary">
<msg time="2024-05-26T14:28:14.188148" level="INFO">Clicking element '//android.widget.TextView[@text="Back"]'.</msg>
<msg time="2024-05-26T14:28:14.372778" level="INFO">xpath criteria: //android.widget.TextView[@text="Back"]</msg>
<arg>${locator}</arg>
<doc>Click element identified by `locator`.</doc>
<status status="PASS" start="2024-05-26T14:28:14.186758" elapsed="0.186114"/>
</kw>
<arg>//android.widget.TextView[@text="Back"]</arg>
<status status="PASS" start="2024-05-26T14:28:14.020527" elapsed="0.352437"/>
</kw>
<kw name="Close Application" owner="AppiumLibrary" type="TEARDOWN">
<doc>Closes the current application and also close webdriver session.</doc>
<status status="PASS" start="2024-05-26T14:28:14.373369" elapsed="0.405952"/>
</kw>
<status status="PASS" start="2024-05-26T14:28:00.432434" elapsed="14.347099"/>
</test>
<test id="s1-t12" name="Kliknięcie linku do githuba" line="151">
<kw name="Setup" type="SETUP">
<kw name="Open Application" owner="AppiumLibrary">
<arg>http://localhost:4723/wd/hub</arg>
<arg>automationName=Appium</arg>
<arg>platformName=Android</arg>
<arg>noReset=${True}</arg>
<arg>app=/Users/adam/Desktop/studia/soundsAppTests/app.apk</arg>
<doc>Opens a new application to given Appium server.
Capabilities of appium server, Android and iOS,
Please check https://github.com/appium/appium/blob/master/docs/en/writing-running-appium/server-args.md
| *Option*            | *Man.* | *Description*     |
| remote_url          | Yes    | Appium server url |
| alias               | no     | alias             |
| strict_ssl          | No     | allows you to send commands to an invalid certificate host like a self-signed one. |</doc>
<status status="PASS" start="2024-05-26T14:28:14.781415" elapsed="9.097910"/>
</kw>
<status status="PASS" start="2024-05-26T14:28:14.780929" elapsed="9.099246"/>
</kw>
<kw name="Wait and click">
<kw name="Wait Until Element Is Visible" owner="AppiumLibrary">
<msg time="2024-05-26T14:28:25.117846" level="INFO">xpath criteria: //android.widget.TextView[@text="Settings"]</msg>
<arg>${locator}</arg>
<doc>Waits until element specified with `locator` is visible.</doc>
<status status="PASS" start="2024-05-26T14:28:23.883860" elapsed="1.234128"/>
</kw>
<kw name="Click Element" owner="AppiumLibrary">
<msg time="2024-05-26T14:28:25.121179" level="INFO">Clicking element '//android.widget.TextView[@text="Settings"]'.</msg>
<msg time="2024-05-26T14:28:26.326494" level="INFO">xpath criteria: //android.widget.TextView[@text="Settings"]</msg>
<arg>${locator}</arg>
<doc>Click element identified by `locator`.</doc>
<status status="PASS" start="2024-05-26T14:28:25.118281" elapsed="1.210335"/>
</kw>
<arg>//android.widget.TextView[@text="Settings"]</arg>
<status status="PASS" start="2024-05-26T14:28:23.882326" elapsed="2.449678"/>
</kw>
<kw name="Wait and click">
<kw name="Wait Until Element Is Visible" owner="AppiumLibrary">
<msg time="2024-05-26T14:28:26.623878" level="INFO">xpath criteria: //android.widget.TextView[@text="Go to GitHub"]</msg>
<arg>${locator}</arg>
<doc>Waits until element specified with `locator` is visible.</doc>
<status status="PASS" start="2024-05-26T14:28:26.338192" elapsed="0.286025"/>
</kw>
<kw name="Click Element" owner="AppiumLibrary">
<msg time="2024-05-26T14:28:26.627430" level="INFO">Clicking element '//android.widget.TextView[@text="Go to GitHub"]'.</msg>
<msg time="2024-05-26T14:28:26.943610" level="INFO">xpath criteria: //android.widget.TextView[@text="Go to GitHub"]</msg>
<arg>${locator}</arg>
<doc>Click element identified by `locator`.</doc>
<status status="PASS" start="2024-05-26T14:28:26.624748" elapsed="0.319091"/>
</kw>
<arg>//android.widget.TextView[@text="Go to GitHub"]</arg>
<status status="PASS" start="2024-05-26T14:28:26.335910" elapsed="0.608153"/>
</kw>
<kw name="Sleep" owner="BuiltIn">
<msg time="2024-05-26T14:28:31.947971" level="INFO">Slept 5 seconds.</msg>
<arg>5</arg>
<doc>Pauses the test executed for the given time.</doc>
<status status="PASS" start="2024-05-26T14:28:26.944717" elapsed="5.007622"/>
</kw>
<kw name="Page Should Contain Element" owner="AppiumLibrary">
<msg time="2024-05-26T14:28:32.573634" level="INFO">Current page contains element '//android.webkit.WebView[@text="GitHub - pawlowskia/SoundsApp"]'.</msg>
<msg time="2024-05-26T14:28:32.575852" level="INFO">xpath criteria: //android.webkit.WebView[@text="GitHub - pawlowskia/SoundsApp"]</msg>
<arg>//android.webkit.WebView[@text="GitHub - pawlowskia/SoundsApp"]</arg>
<doc>Verifies that current page contains `locator` element.</doc>
<status status="PASS" start="2024-05-26T14:28:31.961237" elapsed="0.614864"/>
</kw>
<kw name="Close Application" owner="AppiumLibrary" type="TEARDOWN">
<doc>Closes the current application and also close webdriver session.</doc>
<status status="PASS" start="2024-05-26T14:28:32.580298" elapsed="0.689586"/>
</kw>
<status status="PASS" start="2024-05-26T14:28:14.780097" elapsed="18.492094"/>
</test>
<status status="FAIL" start="2024-05-26T14:24:34.099302" elapsed="239.177598"/>
</suite>
<statistics>
<total>
<stat pass="11" fail="1" skip="0">All Tests</stat>
</total>
<tag>
</tag>
<suite>
<stat pass="11" fail="1" skip="0" id="s1" name="Tests">Tests</stat>
</suite>
</statistics>
<errors>
</errors>
</robot>
